\BOOKMARK [0][-]{chapter.1}{\376\377\000C\000i\000r\000c\000u\000i\000t\000i}{}% 1
\BOOKMARK [1][-]{section.1.1}{\376\377\000T\000e\000o\000r\000i\000a\000\040\000d\000e\000i\000\040\000C\000i\000r\000c\000u\000i\000t\000i}{chapter.1}% 2
\BOOKMARK [1][-]{section.1.2}{\376\377\000C\000i\000r\000c\000u\000i\000t\000i}{chapter.1}% 3
\BOOKMARK [1][-]{section.1.3}{\376\377\000A\000p\000p\000r\000o\000c\000c\000i\000o\000\040\000C\000i\000r\000c\000u\000i\000t\000a\000l\000e}{chapter.1}% 4
\BOOKMARK [0][-]{chapter.2}{\376\377\000m\000o\000d\000e\000l\000l\000o\000\040\000C\000i\000r\000c\000u\000i\000t\000a\000l\000e}{}% 5
\BOOKMARK [1][-]{section.2.1}{\376\377\000M\000o\000d\000e\000l\000l\000o\000\040\000C\000i\000r\000c\000u\000i\000t\000a\000l\000e\000\040\000E\000l\000e\000t\000t\000r\000i\000c\000o}{chapter.2}% 6
\BOOKMARK [1][-]{section.2.2}{\376\377\000G\000r\000a\000n\000d\000e\000z\000z\000e\000\040\000E\000l\000e\000t\000t\000r\000i\000c\000h\000e}{chapter.2}% 7
\BOOKMARK [1][-]{section.2.3}{\376\377\000P\000o\000r\000t\000a\000\040\000E\000l\000e\000t\000t\000r\000i\000c\000a}{chapter.2}% 8
\BOOKMARK [1][-]{section.2.4}{\376\377\000L\000e\000g\000g\000i\000\040\000d\000i\000\040\000K\000i\000r\000c\000h\000h\000o\000f\000f}{chapter.2}% 9
\BOOKMARK [1][-]{section.2.5}{\376\377\000C\000o\000m\000p\000o\000n\000e\000n\000t\000i}{chapter.2}% 10
\BOOKMARK [1][-]{section.2.6}{\376\377\000I\000p\000o\000t\000e\000s\000i\000\040\000A\000g\000g\000i\000u\000n\000t\000i\000v\000e}{chapter.2}% 11
\BOOKMARK [1][-]{section.2.7}{\376\377\000P\000r\000o\000p\000r\000i\000e\000t\000\340\000\040\000N\000o\000t\000e\000v\000o\000l\000i}{chapter.2}% 12
\BOOKMARK [1][-]{section.2.8}{\376\377\000C\000o\000m\000p\000o\000n\000e\000n\000t\000i\000\040\000I\000d\000e\000a\000l\000i}{chapter.2}% 13
\BOOKMARK [0][-]{chapter.3}{\376\377\000F\000e\000n\000o\000m\000e\000n\000i\000\040\000e\000l\000e\000t\000t\000r\000o\000m\000a\000g\000n\000e\000t\000i\000c\000i}{}% 14
\BOOKMARK [0][-]{chapter.4}{\376\377\000S\000e\000g\000n\000a\000l\000i\000\040\000e\000\040\000S\000i\000s\000t\000e\000m\000i\000\040\000a\000\040\000T\000e\000m\000p\000o\000\040\000D\000i\000s\000c\000r\000e\000t\000o}{}% 15
\BOOKMARK [1][-]{section.4.1}{\376\377\000S\000e\000g\000n\000a\000l\000i\000\040\000a\000\040\000T\000e\000m\000p\000o\000\040\000D\000i\000s\000c\000r\000e\000t\000o}{chapter.4}% 16
\BOOKMARK [1][-]{section.4.2}{\376\377\000D\000o\000m\000i\000n\000i\000\040\000d\000i\000\040\000T\000r\000a\000s\000f\000o\000r\000m\000a\000z\000i\000o\000n\000e}{chapter.4}% 17
\BOOKMARK [1][-]{section.4.3}{\376\377\000S\000i\000s\000t\000e\000m\000i\000\040\000a\000\040\000T\000e\000m\000p\000o\000\040\000D\000i\000s\000c\000r\000e\000t\000o}{chapter.4}% 18
\BOOKMARK [1][-]{section.4.4}{\376\377\000S\000i\000s\000t\000e\000m\000i\000\040\000a\000\040\000T\000e\000m\000p\000o\000\040\000C\000o\000n\000t\000i\000n\000u\000o}{chapter.4}% 19
\BOOKMARK [1][-]{section.4.5}{\376\377\000S\000i\000s\000t\000e\000m\000i\000\040\000M\000I\000M\000O}{chapter.4}% 20
\BOOKMARK [1][-]{section.4.6}{\376\377\000S\000i\000s\000t\000e\000m\000i\000\040\000L\000T\000I\000:\000\040\000F\000I\000R\000\040\000e\000\040\000I\000I\000R}{chapter.4}% 21
\BOOKMARK [1][-]{section.4.7}{\376\377\000S\000i\000s\000t\000e\000m\000i\000\040\000L\000T\000I\000:\000\040\000F\000I\000R\000\040\000e\000\040\000I\000I\000R}{chapter.4}% 22
\BOOKMARK [1][-]{section.4.8}{\376\377\000F\000o\000r\000m\000a\000\040\000c\000a\000n\000o\000n\000i\000c\000a\000\040\000o\000\040\000d\000i\000r\000e\000t\000t\000a\000\040\000I\000I\000\040\000\050\000I\000I\000R\000\051}{chapter.4}% 23
\BOOKMARK [1][-]{section.4.9}{\376\377\000F\000o\000r\000m\000a\000\040\000i\000n\000\040\000c\000a\000s\000c\000a\000t\000a\000\040\000\050\000I\000I\000R\000\051}{chapter.4}% 24
\BOOKMARK [1][-]{section.4.10}{\376\377\000A\000s\000s\000a\000g\000g\000i\000o\000\040\000d\000a\000\040\000F\000o\000r\000m\000a\000\040\000D\000i\000r\000e\000t\000t\000a\000/\000C\000a\000n\000o\000n\000i\000c\000a\000\040\000a\000\040\000C\000a\000s\000c\000a\000t\000a}{chapter.4}% 25
\BOOKMARK [1][-]{section.4.11}{\376\377\000T\000e\000c\000n\000i\000c\000h\000e\000\040\000d\000i\000\040\000f\000i\000l\000t\000r\000a\000g\000g\000i\000o\000\040\000p\000e\000r\000\040\000f\000i\000l\000t\000r\000i\000\040\000I\000I\000R}{chapter.4}% 26
\BOOKMARK [2][-]{subsection.4.11.1}{\376\377\000F\000u\000n\000z\000i\000o\000n\000i\000\040\000d\000e\000l\000l\000e\000\040\000L\000i\000b\000r\000e\000r\000i\000e\000\040\000I\000n\000t\000e\000l}{section.4.11}% 27
\BOOKMARK [2][-]{subsection.4.11.2}{\376\377\000E\000s\000e\000m\000p\000i\000o\000\040\000N\000U\000-\000T\000e\000c\000h}{section.4.11}% 28
\BOOKMARK [2][-]{subsection.4.11.3}{\376\377\000D\000u\000e\000\040\000A\000p\000p\000r\000o\000c\000c\000i\000\040\000P\000r\000i\000n\000c\000i\000p\000a\000l\000i}{section.4.11}% 29
\BOOKMARK [2][-]{subsection.4.11.4}{\376\377\000F\000o\000r\000m\000a\000\040\000D\000i\000r\000e\000t\000t\000a\000\040\000e\000\040\000C\000o\000n\000v\000o\000l\000u\000z\000i\000o\000n\000e}{section.4.11}% 30
\BOOKMARK [2][-]{subsection.4.11.5}{\376\377\000F\000u\000n\000z\000i\000o\000n\000i\000\040\000d\000e\000l\000l\000e\000\040\000L\000i\000b\000r\000e\000r\000i\000e\000\040\000I\000n\000t\000e\000l}{section.4.11}% 31
\BOOKMARK [1][-]{section.4.12}{\376\377\000C\000o\000n\000v\000o\000l\000u\000z\000i\000o\000n\000e\000\040\000a\000\040\000B\000l\000o\000c\000c\000h\000i\000:\000\040\000O\000L\000S\000\040\000\050\000O\000v\000e\000r\000l\000a\000p\000\040\000a\000n\000d\000\040\000S\000a\000v\000e\000\051}{chapter.4}% 32
\BOOKMARK [1][-]{section.4.13}{\376\377\000C\000o\000n\000v\000o\000l\000u\000z\000i\000o\000n\000e\000\040\000a\000\040\000B\000l\000o\000c\000c\000h\000i\000\040\000P\000a\000r\000t\000i\000z\000i\000o\000n\000a\000t\000a}{chapter.4}% 33
\BOOKMARK [0][-]{chapter.5}{\376\377\000D\000F\000T\000\040\000e\000\040\000F\000F\000T}{}% 34
\BOOKMARK [1][-]{section.5.1}{\376\377\000C\000o\000n\000d\000i\000z\000i\000o\000n\000i\000\040\000p\000e\000r\000\040\000l\000a\000\040\000r\000i\000c\000o\000s\000t\000r\000u\000z\000i\000o\000n\000e\000\040\000u\000n\000i\000v\000o\000c\000a}{chapter.5}% 35
\BOOKMARK [1][-]{section.5.2}{\376\377\000Z\000e\000r\000o\000\040\000P\000a\000d\000d\000i\000n\000g}{chapter.5}% 36
\BOOKMARK [2][-]{subsection.5.2.1}{\376\377\000R\000e\000l\000a\000z\000i\000o\000n\000e\000\040\000t\000r\000a\000\040\000D\000F\000T\000\040\000e\000\040\000D\000T\000F\000T}{section.5.2}% 37
\BOOKMARK [2][-]{subsection.5.2.2}{\376\377\000E\000f\000f\000e\000t\000t\000o\000\040\000d\000e\000l\000l\000o\000\040\000Z\000e\000r\000o\000\040\000P\000a\000d\000d\000i\000n\000g}{section.5.2}% 38
\BOOKMARK [2][-]{subsection.5.2.3}{\376\377\000E\000f\000f\000e\000t\000t\000i\000\040\000d\000e\000l\000l\000o\000\040\000Z\000e\000r\000o\000\040\000P\000a\000d\000d\000i\000n\000g}{section.5.2}% 39
\BOOKMARK [1][-]{section.5.3}{\376\377\000C\000o\000n\000v\000o\000l\000u\000z\000i\000o\000n\000e\000\040\000d\000i\000\040\000S\000e\000q\000u\000e\000n\000z\000e\000\040\000P\000e\000r\000i\000o\000d\000i\000c\000h\000e}{chapter.5}% 40
\BOOKMARK [2][-]{subsection.5.3.1}{\376\377\000C\000o\000n\000v\000o\000l\000u\000z\000i\000o\000n\000e\000\040\000P\000e\000r\000i\000o\000d\000i\000c\000a\000\040\000\050\000P\000r\000o\000p\000r\000i\000e\000t\000\340\000\040\000C\000o\000m\000m\000u\000t\000a\000t\000i\000v\000a\000\051}{section.5.3}% 41
\BOOKMARK [2][-]{subsection.5.3.2}{\376\377\000R\000e\000l\000a\000z\000i\000o\000n\000e\000\040\000c\000o\000n\000\040\000l\000a\000\040\000D\000F\000S}{section.5.3}% 42
\BOOKMARK [2][-]{subsection.5.3.3}{\376\377\000M\000o\000l\000t\000i\000p\000l\000i\000c\000a\000z\000i\000o\000n\000e\000\040\000p\000u\000n\000t\000o\000\040\000a\000\040\000p\000u\000n\000t\000o\000\040\000n\000e\000l\000\040\000d\000o\000m\000i\000n\000i\000o\000\040\000d\000e\000l\000\040\000t\000e\000m\000p\000o}{section.5.3}% 43
\BOOKMARK [2][-]{subsection.5.3.4}{\376\377\000C\000o\000n\000v\000o\000l\000u\000z\000i\000o\000n\000e\000\040\000C\000i\000r\000c\000o\000l\000a\000r\000e}{section.5.3}% 44
\BOOKMARK [2][-]{subsection.5.3.5}{\376\377\000R\000e\000l\000a\000z\000i\000o\000n\000e\000\040\000c\000o\000n\000\040\000l\000a\000\040\000D\000F\000T}{section.5.3}% 45
\BOOKMARK [2][-]{subsection.5.3.6}{\376\377\000M\000o\000l\000t\000i\000p\000l\000i\000c\000a\000z\000i\000o\000n\000e\000\040\000p\000u\000n\000t\000o\000\040\000a\000\040\000p\000u\000n\000t\000o\000\040\000n\000e\000l\000\040\000t\000e\000m\000p\000o}{section.5.3}% 46
\BOOKMARK [1][-]{section.5.4}{\376\377\000R\000a\000p\000p\000o\000r\000t\000o\000\040\000t\000r\000a\000\040\000C\000o\000n\000v\000o\000l\000u\000z\000i\000o\000n\000e\000\040\000A\000p\000e\000r\000i\000o\000d\000i\000c\000a\000\040\000e\000\040\000C\000i\000r\000c\000o\000l\000a\000r\000e}{chapter.5}% 47
\BOOKMARK [1][-]{section.5.5}{\376\377\000I\000m\000p\000l\000e\000m\000e\000n\000t\000a\000z\000i\000o\000n\000e\000\040\000d\000e\000l\000l\000a\000\040\000C\000o\000n\000v\000o\000l\000u\000z\000i\000o\000n\000e\000\040\000C\000i\000r\000c\000o\000l\000a\000r\000e}{chapter.5}% 48
\BOOKMARK [1][-]{section.5.6}{\376\377\000C\000o\000s\000t\000o\000\040\000C\000o\000m\000p\000u\000t\000a\000z\000i\000o\000n\000a\000l\000e}{chapter.5}% 49
\BOOKMARK [1][-]{section.5.7}{\376\377\000F\000a\000s\000t\000\040\000F\000o\000u\000r\000i\000e\000r\000\040\000T\000r\000a\000n\000s\000f\000o\000r\000m\000\040\000\050\000F\000F\000T\000\051}{chapter.5}% 50
\BOOKMARK [2][-]{subsection.5.7.1}{\376\377\000F\000o\000r\000m\000u\000l\000a\000\040\000d\000e\000l\000l\000a\000\040\000D\000F\000T}{section.5.7}% 51
\BOOKMARK [2][-]{subsection.5.7.2}{\376\377\000O\000t\000t\000i\000m\000i\000z\000z\000a\000z\000i\000o\000n\000i\000\040\000b\000a\000s\000a\000t\000e\000\040\000s\000u\000l\000l\000e\000\040\000P\000r\000o\000p\000r\000i\000e\000t\000\340\000\040\000d\000i\000\040\000W\000\137\000N}{section.5.7}% 52
\BOOKMARK [1][-]{section.5.8}{\376\377\000R\000a\000d\000i\000x\000-\0002\000\040\000D\000e\000c\000i\000m\000a\000t\000i\000o\000n\000\040\000I\000n\000\040\000T\000i\000m\000e\000\040\000\050\000D\000I\000T\000\051\000\040\000F\000F\000T}{chapter.5}% 53
\BOOKMARK [0][-]{chapter.6}{\376\377\000S\000i\000s\000t\000e\000m\000i\000\040\000L\000T\000I\000\040\000c\000o\000n\000\040\000f\000u\000n\000z\000i\000o\000n\000e\000\040\000d\000i\000\040\000t\000r\000a\000s\000f\000e\000r\000i\000m\000e\000n\000t\000o\000\040\000r\000a\000z\000i\000o\000n\000a\000l\000e}{}% 54
\BOOKMARK [1][-]{section.6.1}{\376\377\000C\000l\000a\000s\000s\000i\000f\000i\000c\000a\000z\000i\000o\000n\000e\000\040\000d\000e\000i\000\040\000F\000i\000l\000t\000r\000i\000\040\000D\000i\000g\000i\000t\000a\000l\000i}{chapter.6}% 55
\BOOKMARK [1][-]{section.6.2}{\376\377\000S\000p\000e\000c\000i\000f\000i\000c\000h\000e\000\040\000d\000i\000\040\000P\000r\000o\000g\000e\000t\000t\000o}{chapter.6}% 56
\BOOKMARK [1][-]{section.6.3}{\376\377\000P\000r\000o\000g\000e\000t\000t\000o\000\040\000d\000i\000\040\000F\000i\000l\000t\000r\000i\000\040\000F\000I\000R}{chapter.6}% 57
\BOOKMARK [1][-]{section.6.4}{\376\377\000P\000r\000o\000g\000e\000t\000t\000o\000\040\000d\000i\000\040\000F\000i\000l\000t\000r\000i\000\040\000I\000I\000R}{chapter.6}% 58
\BOOKMARK [1][-]{section.6.5}{\376\377\000F\000i\000l\000t\000r\000i\000\040\000P\000a\000s\000s\000a\000-\000T\000u\000t\000t\000o}{chapter.6}% 59
\BOOKMARK [0][-]{chapter.7}{\376\377\000I\000n\000t\000r\000o\000d\000u\000z\000i\000o\000n\000e\000\040\000a\000l\000\040\000S\000u\000o\000n\000o\000\040\000e\000\040\000T\000e\000m\000p\000e\000r\000a\000m\000e\000n\000t\000o\000\040\000M\000u\000s\000i\000c\000a\000l\000e}{}% 60
\BOOKMARK [1][-]{section.7.1}{\376\377\000S\000u\000o\000n\000o\000\040\000e\000\040\000Q\000u\000a\000l\000i\000t\000\340\000\040\000d\000e\000l\000\040\000S\000u\000o\000n\000o}{chapter.7}% 61
\BOOKMARK [1][-]{section.7.2}{\376\377\000N\000o\000t\000a\000z\000i\000o\000n\000e\000\040\000M\000u\000s\000i\000c\000a\000l\000e}{chapter.7}% 62
\BOOKMARK [1][-]{section.7.3}{\376\377\000T\000e\000m\000p\000e\000r\000a\000m\000e\000n\000t\000o\000\040\000M\000u\000s\000i\000c\000a\000l\000e}{chapter.7}% 63
\BOOKMARK [1][-]{section.7.4}{\376\377\000T\000r\000a\000s\000p\000o\000s\000i\000z\000i\000o\000n\000e}{chapter.7}% 64
\BOOKMARK [1][-]{section.7.5}{\376\377\000T\000e\000m\000p\000o\000\040\000e\000\040\000D\000u\000r\000a\000t\000a}{chapter.7}% 65
\BOOKMARK [0][-]{chapter.8}{\376\377\000I\000n\000t\000r\000o\000d\000u\000z\000i\000o\000n\000e\000\040\000a\000l\000\040\000P\000r\000o\000t\000o\000c\000o\000l\000l\000o\000\040\000M\000I\000D\000I}{}% 66
\BOOKMARK [1][-]{section.8.1}{\376\377\000M\000I\000D\000I\000:\000\040\000P\000r\000o\000t\000o\000c\000o\000l\000l\000o\000\040\000M\000u\000s\000i\000c\000a\000l\000\040\000I\000n\000s\000t\000r\000u\000m\000e\000n\000t\000s\000\040\000D\000i\000g\000i\000t\000a\000l\000\040\000I\000n\000t\000e\000r\000f\000a\000c\000e}{chapter.8}% 67
\BOOKMARK [1][-]{section.8.2}{\376\377\000T\000i\000p\000i\000\040\000d\000i\000\040\000M\000e\000s\000s\000a\000g\000g\000i\000\040\000M\000I\000D\000I}{chapter.8}% 68
\BOOKMARK [1][-]{section.8.3}{\376\377\000F\000i\000l\000e\000\040\000M\000I\000D\000I}{chapter.8}% 69
\BOOKMARK [1][-]{section.8.4}{\376\377\000S\000t\000r\000u\000t\000t\000u\000r\000a\000\040\000d\000e\000l\000\040\000f\000i\000l\000e\000\040\000M\000I\000D\000I}{chapter.8}% 70
\BOOKMARK [1][-]{section.8.5}{\376\377\000T\000r\000a\000c\000k\000\040\000C\000h\000u\000n\000k\000\040\000n\000e\000i\000\040\000f\000i\000l\000e\000\040\000M\000I\000D\000I}{chapter.8}% 71
\BOOKMARK [0][-]{chapter.9}{\376\377\000S\000i\000n\000t\000e\000s\000i}{}% 72
\BOOKMARK [1][-]{section.9.1}{\376\377\000T\000r\000a\000c\000k\000\040\000C\000h\000u\000n\000k\000\040\000n\000e\000i\000\040\000f\000i\000l\000e\000\040\000M\000I\000D\000I}{chapter.9}% 73
\BOOKMARK [1][-]{section.9.2}{\376\377\000E\000v\000e\000n\000t\000i\000\040\000M\000I\000D\000I\000\040\000i\000n\000\040\000u\000n\000a\000\040\000t\000r\000a\000c\000c\000i\000a}{chapter.9}% 74
\BOOKMARK [1][-]{section.9.3}{\376\377\000M\000e\000t\000a\000-\000E\000v\000e\000n\000t\000i\000\040\000M\000I\000D\000I}{chapter.9}% 75
\BOOKMARK [0][-]{chapter.10}{\376\377\000S\000i\000n\000t\000e\000s\000i\000\040\000a\000d\000d\000i\000t\000i\000v\000a\000\040\000e\000\040\000F\000M}{}% 76
\BOOKMARK [1][-]{section.10.1}{\376\377\000C\000l\000a\000s\000s\000i\000f\000i\000c\000a\000z\000i\000o\000n\000e\000\040\000d\000e\000l\000l\000e\000\040\000T\000e\000c\000n\000i\000c\000h\000e\000\040\000d\000i\000\040\000S\000i\000n\000t\000e\000s\000i\000\040\000S\000o\000n\000o\000r\000a}{chapter.10}% 77
\BOOKMARK [1][-]{section.10.2}{\376\377\000S\000i\000n\000t\000e\000s\000i\000\040\000A\000d\000d\000i\000t\000i\000v\000a}{chapter.10}% 78
\BOOKMARK [1][-]{section.10.3}{\376\377\000M\000o\000d\000u\000l\000a\000z\000i\000o\000n\000i\000\040\000e\000\040\000S\000i\000n\000t\000e\000s\000i\000\040\000F\000M}{chapter.10}% 79
\BOOKMARK [1][-]{section.10.4}{\376\377\000S\000i\000n\000t\000e\000s\000i\000\040\000F\000M\000\040\000n\000e\000l\000\040\000Y\000a\000m\000a\000h\000a\000\040\000D\000X\0007}{chapter.10}% 80
\BOOKMARK [1][-]{section.10.5}{\376\377\000C\000o\000n\000c\000l\000u\000s\000i\000o\000n\000i}{chapter.10}% 81
\BOOKMARK [0][-]{chapter.11}{\376\377\000W\000A\000V\000E\000S\000H\000A\000P\000I\000N\000G}{}% 82
\BOOKMARK [1][-]{section.11.1}{\376\377\000S\000i\000n\000t\000e\000s\000i\000\040\000A\000d\000d\000i\000t\000i\000v\000a}{chapter.11}% 83
\BOOKMARK [1][-]{section.11.2}{\376\377\000S\000i\000s\000t\000e\000m\000i\000\040\000N\000o\000n\000\040\000L\000i\000n\000e\000a\000r\000i}{chapter.11}% 84
\BOOKMARK [1][-]{section.11.3}{\376\377\000E\000f\000f\000e\000t\000t\000o\000\040\000d\000i\000\040\000T\000e\000r\000m\000i\000n\000i\000\040\000A\000d\000d\000i\000t\000i\000v\000i}{chapter.11}% 85
\BOOKMARK [1][-]{section.11.4}{\376\377\000D\000i\000s\000t\000o\000r\000s\000i\000o\000n\000e}{chapter.11}% 86
\BOOKMARK [1][-]{section.11.5}{\376\377\000W\000a\000v\000e\000s\000h\000a\000p\000i\000n\000g}{chapter.11}% 87
\BOOKMARK [0][-]{chapter.12}{\376\377\000S\000I\000N\000T\000E\000S\000I\000\040\000S\000O\000T\000T\000R\000A\000T\000T\000I\000V\000A}{}% 88
\BOOKMARK [1][-]{section.12.1}{\376\377\000G\000e\000n\000e\000r\000a\000t\000o\000r\000i\000\040\000d\000i\000\040\000R\000u\000m\000o\000r\000e}{chapter.12}% 89
\BOOKMARK [1][-]{section.12.2}{\376\377\000T\000r\000a\000n\000s\000i\000s\000t\000o\000r\000\040\000L\000a\000d\000d\000e\000r\000\040\000F\000i\000l\000t\000e\000r\000\040\000\050\000L\000o\000w\000p\000a\000s\000s\000\051}{chapter.12}% 90
\BOOKMARK [1][-]{section.12.3}{\376\377\000S\000a\000l\000l\000e\000n\000-\000K\000e\000y\000\040\000F\000i\000l\000t\000e\000r}{chapter.12}% 91
\BOOKMARK [1][-]{section.12.4}{\376\377\000S\000t\000a\000t\000e\000\040\000V\000a\000r\000i\000a\000b\000l\000e\000\040\000F\000i\000l\000t\000e\000r}{chapter.12}% 92
\BOOKMARK [1][-]{section.12.5}{\376\377\000V\000o\000l\000t\000a\000g\000e\000\040\000C\000o\000n\000t\000r\000o\000l\000l\000e\000d\000\040\000A\000m\000p\000l\000i\000f\000i\000e\000r\000\040\000\050\000V\000C\000A\000\051}{chapter.12}% 93
\BOOKMARK [0][-]{chapter.13}{\376\377\000S\000i\000n\000t\000e\000s\000i\000\040\000a\000\040\000C\000a\000m\000p\000i\000o\000n\000a\000m\000e\000n\000t\000o}{}% 94
\BOOKMARK [1][-]{section.13.1}{\376\377\000P\000r\000i\000n\000c\000i\000p\000i\000\040\000d\000i\000\040\000B\000a\000s\000e}{chapter.13}% 95
\BOOKMARK [1][-]{section.13.2}{\376\377\000S\000i\000n\000t\000e\000s\000i\000\040\000a\000\040\000C\000a\000m\000p\000i\000o\000n\000a\000m\000e\000n\000t\000o}{chapter.13}% 96
\BOOKMARK [1][-]{section.13.3}{\376\377\000E\000s\000e\000m\000p\000i\000:\000\040\000S\000i\000n\000t\000e\000s\000i\000\040\000a\000\040\000C\000a\000m\000p\000i\000o\000n\000a\000m\000e\000n\000t\000o}{chapter.13}% 97
\BOOKMARK [2][-]{subsection.13.3.1}{\376\377\000V\000i\000o\000l\000i\000n\000o}{section.13.3}% 98
\BOOKMARK [2][-]{subsection.13.3.2}{\376\377\000P\000i\000a\000n\000o\000f\000o\000r\000t\000e}{section.13.3}% 99
\BOOKMARK [1][-]{section.13.4}{\376\377\000D\000i\000s\000c\000r\000e\000t\000i\000z\000z\000a\000z\000i\000o\000n\000e\000\040\000d\000e\000i\000\040\000D\000a\000t\000i}{chapter.13}% 100
\BOOKMARK [1][-]{section.13.5}{\376\377\000P\000r\000o\000b\000l\000e\000m\000i\000\040\000A\000g\000g\000i\000u\000n\000t\000i\000v\000i}{chapter.13}% 101
\BOOKMARK [1][-]{section.13.6}{\376\377\000P\000i\000t\000c\000h}{chapter.13}% 102
\BOOKMARK [1][-]{section.13.7}{\376\377\000I\000l\000\040\000P\000r\000o\000b\000l\000e\000m\000a\000\040\000d\000e\000l\000l\000e\000\040\000F\000o\000r\000m\000a\000n\000t\000i}{chapter.13}% 103
\BOOKMARK [1][-]{section.13.8}{\376\377\000D\000i\000s\000c\000r\000e\000t\000i\000z\000z\000a\000z\000i\000o\000n\000e\000\040\000d\000e\000l\000\040\000P\000i\000t\000c\000h}{chapter.13}% 104
\BOOKMARK [1][-]{section.13.9}{\376\377\000V\000e\000l\000o\000c\000i\000t\000y\000\040\000\050\000I\000n\000t\000e\000n\000s\000i\000t\000\340\000\051}{chapter.13}% 105
\BOOKMARK [1][-]{section.13.10}{\376\377\000D\000u\000r\000a\000t\000a}{chapter.13}% 106
\BOOKMARK [1][-]{section.13.11}{\376\377\000L\000o\000o\000p\000s}{chapter.13}% 107
\BOOKMARK [1][-]{section.13.12}{\376\377\000A\000s\000p\000e\000t\000t\000i\000\040\000T\000e\000c\000n\000i\000c\000i}{chapter.13}% 108
\BOOKMARK [2][-]{subsection.13.12.1}{\376\377\000C\000o\000s\000t\000o\000\040\000C\000o\000m\000p\000u\000t\000a\000z\000i\000o\000n\000a\000l\000e}{section.13.12}% 109
\BOOKMARK [2][-]{subsection.13.12.2}{\376\377\000M\000e\000m\000o\000r\000i\000a}{section.13.12}% 110
\BOOKMARK [1][-]{section.13.13}{\376\377\000P\000r\000o\000b\000l\000e\000m\000i\000\040\000e\000\040\000L\000i\000m\000i\000t\000a\000z\000i\000o\000n\000i}{chapter.13}% 111
\BOOKMARK [1][-]{section.13.14}{\376\377\000E\000s\000e\000m\000p\000i\000\040\000d\000i\000\040\000S\000a\000m\000p\000l\000e\000r\000\040\000H\000a\000r\000d\000w\000a\000r\000e\000\040\000e\000\040\000S\000o\000f\000t\000w\000a\000r\000e}{chapter.13}% 112
\BOOKMARK [0][-]{chapter.14}{\376\377\000P\000h\000y\000s\000i\000c\000a\000l\000\040\000M\000o\000d\000e\000l\000i\000n\000g}{}% 113
\BOOKMARK [1][-]{section.14.1}{\376\377\000P\000r\000o\000c\000e\000s\000s\000i\000\040\000F\000i\000s\000i\000c\000i\000\040\000G\000e\000n\000e\000r\000a\000t\000o\000r\000i\000\040\000d\000i\000\040\000S\000u\000o\000n\000o}{chapter.14}% 114
\BOOKMARK [2][-]{subsection.14.1.1}{\376\377\000C\000i\000r\000c\000u\000i\000t\000i\000\040\000E\000l\000e\000t\000t\000r\000o\000n\000i\000c\000i\000\040\000A\000n\000a\000l\000o\000g\000i\000c\000i}{section.14.1}% 115
\BOOKMARK [2][-]{subsection.14.1.2}{\376\377\000S\000i\000s\000t\000e\000m\000i\000\040\000A\000c\000u\000s\000t\000i\000c\000i}{section.14.1}% 116
\BOOKMARK [1][-]{section.14.2}{\376\377\000T\000i\000p\000i\000\040\000d\000i\000\040\000P\000r\000o\000c\000e\000s\000s\000i\000\040\000F\000i\000s\000i\000c\000i}{chapter.14}% 117
\BOOKMARK [1][-]{section.14.3}{\376\377\000M\000o\000d\000e\000l\000l\000a\000z\000i\000o\000n\000e\000\040\000a\000\040\000T\000e\000m\000p\000o\000\040\000C\000o\000n\000t\000i\000n\000u\000o\000\040\000e\000\040\000D\000i\000s\000c\000r\000e\000t\000o}{chapter.14}% 118
\BOOKMARK [1][-]{section.14.4}{\376\377\000D\000o\000m\000i\000n\000i\000\040\000F\000i\000s\000i\000c\000i\000\040\000e\000\040\000V\000a\000r\000i\000a\000b\000i\000l\000i}{chapter.14}% 119
\BOOKMARK [1][-]{section.14.5}{\376\377\000P\000a\000r\000a\000d\000i\000g\000m\000i\000\040\000d\000i\000\040\000M\000o\000d\000e\000l\000l\000a\000z\000i\000o\000n\000e}{chapter.14}% 120
\BOOKMARK [2][-]{subsection.14.5.1}{\376\377\000P\000a\000r\000a\000d\000i\000g\000m\000a\000\040\0001\000:\000\040\000K\000-\000v\000a\000r\000i\000a\000b\000l\000e\000s}{section.14.5}% 121
\BOOKMARK [2][-]{subsection.14.5.2}{\376\377\000P\000a\000r\000a\000d\000i\000g\000m\000a\000\040\0002\000:\000\040\000W\000-\000v\000a\000r\000i\000a\000b\000l\000e\000s}{section.14.5}% 122
\BOOKMARK [1][-]{section.14.6}{\376\377\0001\000D\000\040\000W\000a\000v\000e\000\040\000E\000q\000.\000\040\000a\000n\000d\000\040\000S\000o\000l\000u\000t\000i\000o\000n\000s}{chapter.14}% 123
\BOOKMARK [2][-]{subsection.14.6.1}{\376\377\000D\000i\000g\000i\000t\000a\000l\000\040\000W\000a\000v\000e\000g\000u\000i\000d\000e\000s}{section.14.6}% 124
\BOOKMARK [1][-]{section.14.7}{\376\377\000C\000a\000s\000o\000\040\0001\000D}{chapter.14}% 125
\BOOKMARK [2][-]{subsection.14.7.1}{\376\377\000S\000o\000l\000u\000z\000i\000o\000n\000e\000\040\000a\000\040\000q\000u\000e\000s\000t\000a\000\040\000P\000D\000E}{section.14.7}% 126
\BOOKMARK [1][-]{section.14.8}{\376\377\000S\000o\000m\000m\000a\000\040\000d\000i\000\040\000O\000n\000d\000e\000\040\000P\000r\000o\000g\000r\000e\000s\000s\000i\000v\000e\000\040\000e\000\040\000R\000e\000g\000r\000e\000s\000s\000i\000v\000e}{chapter.14}% 127
\BOOKMARK [1][-]{section.14.9}{\376\377\000D\000i\000s\000c\000r\000e\000t\000i\000z\000z\000a\000z\000i\000o\000n\000e\000\040\000d\000e\000l\000l\000a\000\040\000S\000o\000l\000u\000z\000i\000o\000n\000e\000\040\000d\000i\000\040\000D\000'\000A\000l\000e\000m\000b\000e\000r\000t}{chapter.14}% 128
\BOOKMARK [1][-]{section.14.10}{\376\377\000C\000o\000n\000d\000i\000z\000i\000o\000n\000e\000\040\000d\000i\000\040\000S\000t\000a\000b\000i\000l\000i\000t\000\340\000\040\000e\000\040\000A\000l\000i\000a\000s\000\040\000S\000p\000a\000z\000i\000a\000l\000e}{chapter.14}% 129
\BOOKMARK [1][-]{section.14.11}{\376\377\000F\000o\000r\000m\000u\000l\000a\000z\000i\000o\000n\000e\000\040\000D\000W\000G\000\040\000e\000\040\000D\000i\000a\000g\000r\000a\000m\000m\000a\000\040\000d\000i\000\040\000F\000l\000u\000s\000s\000o}{chapter.14}% 130
\BOOKMARK [1][-]{section.14.12}{\376\377\000T\000e\000r\000m\000i\000n\000a\000z\000i\000o\000n\000i\000\040\000"\000R\000i\000g\000i\000d\000e\000"}{chapter.14}% 131
\BOOKMARK [1][-]{section.14.13}{\376\377\000A\000g\000g\000r\000e\000g\000a\000z\000i\000o\000n\000e}{chapter.14}% 132
\BOOKMARK [1][-]{section.14.14}{\376\377\000P\000e\000r\000d\000i\000t\000e}{chapter.14}% 133
\BOOKMARK [1][-]{section.14.15}{\376\377\000P\000e\000r\000d\000i\000t\000e\000\040\000D\000i\000p\000e\000n\000d\000e\000n\000t\000i\000\040\000d\000a\000l\000l\000a\000\040\000F\000r\000e\000q\000u\000e\000n\000z\000a}{chapter.14}% 134
\BOOKMARK [1][-]{section.14.16}{\376\377\000A\000g\000g\000r\000e\000g\000a\000z\000i\000o\000n\000e\000\040\000d\000i\000\040\000P\000e\000r\000d\000i\000t\000e\000\040\000D\000i\000p\000e\000n\000d\000e\000n\000t\000i\000\040\000d\000a\000l\000l\000a\000\040\000F\000r\000e\000q\000u\000e\000n\000z\000a}{chapter.14}% 135
\BOOKMARK [1][-]{section.14.17}{\376\377\000D\000i\000s\000p\000e\000r\000s\000i\000o\000n\000e}{chapter.14}% 136
\BOOKMARK [1][-]{section.14.18}{\376\377\000E\000f\000f\000e\000t\000t\000o\000\040\000d\000i\000\040\000D\000i\000s\000p\000e\000r\000s\000i\000o\000n\000e}{chapter.14}% 137
\BOOKMARK [1][-]{section.14.19}{\376\377\000D\000e\000c\000o\000m\000p\000o\000s\000i\000z\000i\000o\000n\000e\000\040\000M\000o\000d\000a\000l\000e}{chapter.14}% 138
\BOOKMARK [1][-]{section.14.20}{\376\377\000R\000i\000t\000a\000r\000d\000i\000\040\000D\000i\000p\000e\000n\000d\000e\000n\000t\000i\000\040\000d\000a\000l\000l\000a\000\040\000F\000r\000e\000q\000u\000e\000n\000z\000a}{chapter.14}% 139
\BOOKMARK [1][-]{section.14.21}{\376\377\000F\000r\000a\000c\000t\000i\000o\000n\000a\000l\000\040\000D\000e\000l\000a\000y\000s}{chapter.14}% 140
\BOOKMARK [1][-]{section.14.22}{\376\377\000D\000i\000s\000c\000r\000e\000t\000e\000-\000T\000i\000m\000e\000\040\000A\000r\000b\000i\000t\000r\000a\000r\000y\000\040\000D\000e\000l\000a\000y}{chapter.14}% 141
\BOOKMARK [1][-]{section.14.23}{\376\377\000D\000i\000s\000c\000r\000e\000t\000e\000-\000T\000i\000m\000e\000\040\000A\000r\000b\000i\000t\000r\000a\000r\000y\000\040\000D\000e\000l\000a\000y}{chapter.14}% 142
\BOOKMARK [2][-]{subsection.14.23.1}{\376\377\000D\000o\000m\000i\000n\000i\000o\000\040\000d\000e\000l\000l\000a\000\040\000F\000r\000e\000q\000u\000e\000n\000z\000a}{section.14.23}% 143
\BOOKMARK [1][-]{section.14.24}{\376\377\000F\000r\000a\000c\000t\000i\000o\000n\000a\000l\000\040\000D\000e\000l\000a\000y\000\040\000I\000d\000e\000a\000l\000e\000\040\000\050\000T\000e\000m\000p\000o\000\040\000C\000o\000n\000t\000i\000n\000u\000o\000\051}{chapter.14}% 144
\BOOKMARK [2][-]{subsection.14.24.1}{\376\377\000C\000a\000r\000a\000t\000t\000e\000r\000i\000s\000t\000i\000c\000h\000e\000\040\000i\000n\000\040\000F\000r\000e\000q\000u\000e\000n\000z\000a}{section.14.24}% 145
\BOOKMARK [1][-]{section.14.25}{\376\377\000P\000r\000o\000g\000e\000t\000t\000a\000z\000i\000o\000n\000e\000\040\000d\000e\000l\000\040\000F\000i\000l\000t\000r\000o\000\040\000I\000n\000t\000e\000r\000p\000o\000l\000a\000t\000o\000r\000e}{chapter.14}% 146
\BOOKMARK [2][-]{subsection.14.25.1}{\376\377\000M\000e\000t\000o\000d\000i\000\040\000d\000i\000\040\000P\000r\000o\000g\000e\000t\000t\000a\000z\000i\000o\000n\000e\000\040\000F\000I\000R}{section.14.25}% 147
\BOOKMARK [2][-]{subsection.14.25.2}{\376\377\000M\000e\000t\000o\000d\000i\000\040\000d\000i\000\040\000P\000r\000o\000g\000e\000t\000t\000a\000z\000i\000o\000n\000e\000\040\000I\000I\000R}{section.14.25}% 148
\BOOKMARK [1][-]{section.14.26}{\376\377\000S\000t\000r\000u\000m\000e\000n\000t\000i\000\040\000a\000d\000\040\000A\000n\000c\000i\000a}{chapter.14}% 149
\BOOKMARK [1][-]{section.14.27}{\376\377\000S\000t\000r\000u\000m\000e\000n\000t\000i\000\040\000a\000d\000\040\000A\000r\000c\000o}{chapter.14}% 150
\BOOKMARK [1][-]{section.14.28}{\376\377\000S\000t\000r\000u\000m\000e\000n\000t\000i\000\040\000a\000d\000\040\000A\000r\000i\000a\000\040\000\050\000F\000l\000u\000e\000\051}{chapter.14}% 151
\BOOKMARK [0][-]{chapter.15}{\376\377\000F\000i\000l\000t\000r\000i\000\040\000p\000e\000r\000\040\000m\000a\000s\000t\000e\000r\000i\000n\000g}{}% 152
\BOOKMARK [1][-]{section.15.1}{\376\377\000I\000n\000t\000r\000o\000d\000u\000z\000i\000o\000n\000e}{chapter.15}% 153
\BOOKMARK [1][-]{section.15.2}{\376\377\000F\000i\000l\000t\000r\000i\000\040\000b\000a\000s\000e}{chapter.15}% 154
\BOOKMARK [1][-]{section.15.3}{\376\377\000F\000i\000l\000t\000r\000i\000\040\000c\000a\000n\000o\000n\000i\000c\000i}{chapter.15}% 155
\BOOKMARK [1][-]{section.15.4}{\376\377\000S\000t\000a\000t\000e\000\040\000V\000a\000r\000i\000a\000b\000l\000e\000\040\000F\000i\000l\000t\000e\000r}{chapter.15}% 156
\BOOKMARK [1][-]{section.15.5}{\376\377\000F\000i\000l\000t\000r\000i\000\040\000a\000l\000l\000-\000p\000a\000s\000s}{chapter.15}% 157
\BOOKMARK [1][-]{section.15.6}{\376\377\000F\000I\000R\000\040\000f\000i\000l\000t\000e\000r\000s}{chapter.15}% 158
\BOOKMARK [1][-]{section.15.7}{\376\377\000F\000I\000R\000\040\000C\000o\000m\000b\000\040\000f\000i\000l\000t\000e\000r\000s\000\050\000D\000O\000M\000A\000N\000D\000A\000\040\000C\000E\000R\000T\000A\000\040\000A\000L\000L\000'\000E\000S\000A\000M\000E\000\051}{chapter.15}% 159
\BOOKMARK [1][-]{section.15.8}{\376\377\000I\000I\000R\000\040\000C\000o\000m\000b\000\040\000f\000i\000l\000t\000e\000r\000s}{chapter.15}% 160
\BOOKMARK [1][-]{section.15.9}{\376\377\000U\000n\000i\000v\000e\000r\000s\000a\000l\000\040\000C\000o\000m\000b\000\040\000f\000i\000l\000t\000e\000r\000s}{chapter.15}% 161
\BOOKMARK [1][-]{section.15.10}{\376\377\000S\000h\000e\000l\000v\000i\000n\000g\000\040\000f\000i\000l\000t\000e\000r\000s\000\040\000\050\000I\000\040\000o\000r\000d\000e\000r\000\051}{chapter.15}% 162
\BOOKMARK [1][-]{section.15.11}{\376\377\000S\000h\000e\000l\000v\000i\000n\000g\000\040\000f\000i\000l\000t\000e\000r\000s\000\040\000\050\000I\000I\000\040\000o\000r\000d\000e\000r\000\051}{chapter.15}% 163
\BOOKMARK [1][-]{section.15.12}{\376\377\000P\000e\000a\000k\000\040\000f\000i\000l\000t\000e\000r\000s}{chapter.15}% 164
\BOOKMARK [1][-]{section.15.13}{\376\377\000E\000Q}{chapter.15}% 165
\BOOKMARK [1][-]{section.15.14}{\376\377\000G\000E\000Q\000\040\000\050\000e\000q\000u\000a\000l\000i\000z\000z\000a\000t\000o\000r\000i\000\040\000g\000r\000a\000f\000i\000c\000i\000\051}{chapter.15}% 166
\BOOKMARK [0][-]{chapter.16}{\376\377\000E\000f\000f\000e\000t\000t\000i\000\040\000b\000a\000s\000a\000t\000i\000\040\000s\000u\000\040\000D\000L}{}% 167
\BOOKMARK [1][-]{section.16.1}{\376\377\000L\000i\000s\000t\000a\000\040\000d\000i\000\040\000e\000f\000f\000e\000t\000t\000i\000\040\000b\000a\000s\000a\000t\000i\000\040\000s\000u\000\040\000D\000e\000l\000a\000y\000\040\000L\000i\000n\000e}{chapter.16}% 168
\BOOKMARK [1][-]{section.16.2}{\376\377\000D\000e\000l\000a\000y\000\040\000L\000i\000n\000e}{chapter.16}% 169
\BOOKMARK [1][-]{section.16.3}{\376\377\000V\000i\000b\000r\000a\000t\000o}{chapter.16}% 170
\BOOKMARK [1][-]{section.16.4}{\376\377\000S\000l\000a\000p\000b\000a\000c\000k\000/\000E\000c\000h\000o\000/\000D\000e\000l\000a\000y}{chapter.16}% 171
\BOOKMARK [1][-]{section.16.5}{\376\377\000F\000l\000a\000n\000g\000e\000r\000/\000C\000h\000o\000r\000u\000s}{chapter.16}% 172
\BOOKMARK [1][-]{section.16.6}{\376\377\000P\000h\000a\000s\000e\000r}{chapter.16}% 173
\BOOKMARK [1][-]{section.16.7}{\376\377\000R\000o\000o\000m\000\040\000I\000m\000p\000u\000l\000s\000e\000\040\000R\000e\000s\000p\000o\000n\000s\000e\000\040\000\050\000R\000I\000R\000\051}{chapter.16}% 174
\BOOKMARK [1][-]{section.16.8}{\376\377\000R\000e\000v\000e\000r\000b\000e\000r\000a\000t\000i\000o\000n\000\040\000T\000i\000m\000e}{chapter.16}% 175
\BOOKMARK [1][-]{section.16.9}{\376\377\000E\000f\000f\000e\000t\000t\000o\000\040\000d\000e\000l\000\040\000p\000r\000e\000-\000d\000e\000l\000a\000y}{chapter.16}% 176
\BOOKMARK [1][-]{section.16.10}{\376\377\000R\000i\000v\000e\000r\000b\000e\000r\000o\000\040\000a\000\040\000C\000o\000n\000v\000o\000l\000u\000z\000i\000o\000n\000e}{chapter.16}% 177
\BOOKMARK [1][-]{section.16.11}{\376\377\000R\000i\000v\000e\000r\000b\000e\000r\000o\000\040\000a\000\040\000C\000o\000n\000v\000o\000l\000u\000z\000i\000o\000n\000e\000\040\000\050\000V\000a\000n\000t\000a\000g\000g\000i\000\040\000e\000\040\000S\000v\000a\000n\000t\000a\000g\000g\000i\000\051}{chapter.16}% 178
\BOOKMARK [1][-]{section.16.12}{\376\377\000S\000c\000h\000r\000o\000e\000d\000e\000r\000\040\000r\000e\000v\000e\000r\000b}{chapter.16}% 179
\BOOKMARK [1][-]{section.16.13}{\376\377\000F\000e\000e\000d\000b\000a\000c\000k\000\040\000D\000e\000l\000a\000y\000\040\000N\000e\000t\000w\000o\000r\000k\000\040\000\050\000F\000D\000N\000\051}{chapter.16}% 180
\BOOKMARK [1][-]{section.16.14}{\376\377\000F\000e\000e\000d\000b\000a\000c\000k\000\040\000D\000e\000l\000a\000y\000\040\000N\000e\000t\000w\000o\000r\000k\000\040\000\050\000F\000D\000N\000\051\000\040\000\050\000A\000p\000p\000r\000o\000c\000c\000i\000o\000\040\000`\000`\000l\000o\000s\000s\000l\000e\000s\000s\000'\000'\000\051}{chapter.16}% 181
\BOOKMARK [0][-]{chapter.17}{\376\377\000F\000o\000r\000m\000u\000l\000e\000\040\000p\000r\000a\000t\000i\000c\000h\000e\000\040\000p\000e\000r\000\040\000i\000\040\000c\000o\000e\000f\000f\000i\000c\000i\000e\000n\000t\000i\000\040\000d\000e\000i\000\040\000f\000i\000l\000t\000r\000i\000\040\000E\000Q\000\040\000b\000i\000q\000u\000a\000d}{}% 182
