This is pdfTeX, Version 3.141592653-2.6-1.40.25 (MiKTeX 24.1) (preloaded format=pdflatex 2025.4.3)  11 APR 2025 12:04
entering extended mode
 restricted \write18 enabled.
 file:line:error style messages enabled.
 %&-line parsing enabled.
**"c:/Users/ripan/OneDrive/Desktop/tutto/Sound design/Sound design/main.tex"
(c:/Users/ripan/OneDrive/Desktop/tutto/Sound design/Sound design/main.tex
LaTeX2e <2023-11-01> patch level 1
L3 programming layer <2024-01-04>
(C:\Users\ripan\AppData\Local\Programs\MiKTeX\tex/latex/base\report.cls
Document Class: report 2023/05/17 v1.4n Standard LaTeX document class
(C:\Users\ripan\AppData\Local\Programs\MiKTeX\tex/latex/base\size10.clo
File: size10.clo 2023/05/17 v1.4n Standard LaTeX file (size option)
)
\c@part=\count187
\c@chapter=\count188
\c@section=\count189
\c@subsection=\count190
\c@subsubsection=\count191
\c@paragraph=\count192
\c@subparagraph=\count193
\c@figure=\count194
\c@table=\count195
\abovecaptionskip=\skip48
\belowcaptionskip=\skip49
\bibindent=\dimen140
) (preambolo/preambolo.tex (C:\Users\ripan\AppData\Local\Programs\MiKTeX\tex/latex/base\inputenc.sty
Package: inputenc 2021/02/14 v1.3d Input encoding file
\inpenc@prehook=\toks17
\inpenc@posthook=\toks18
) (C:\Users\ripan\AppData\Local\Programs\MiKTeX\tex/latex/base\fontenc.sty
Package: fontenc 2021/04/29 v2.0v Standard LaTeX package
) (C:\Users\ripan\AppData\Local\Programs\MiKTeX\tex/generic/babel\babel.sty
Package: babel 2024/01/07 v24.1 The Babel package
\babel@savecnt=\count196
\U@D=\dimen141
\l@unhyphenated=\language79
 (C:\Users\ripan\AppData\Local\Programs\MiKTeX\tex/generic/babel\txtbabel.def)
\bbl@readstream=\read2
\bbl@dirlevel=\count197

*************************************
* Local config file bblopts.cfg used
*
(C:\Users\ripan\AppData\Local\Programs\MiKTeX\tex/latex/arabi\bblopts.cfg
File: bblopts.cfg 2005/09/08 v0.1 add Arabic and Farsi to "declared" options of babel
) (C:\Users\ripan\AppData\Local\Programs\MiKTeX\tex/latex/babel-italian\italian.ldf
Language: italian 2024/10/10 v.1.5.01 Italian support for the babel system
\it@lettering=\count198
\it@doublequoteactive=\count199
\it@ISOcompliance=\count266
)) (C:\Users\ripan\AppData\Local\Programs\MiKTeX\tex/generic/babel/locale/it\babel-italian.tex
Package babel Info: Importing font and identification data for italian
(babel)             from babel-it.ini. Reported on input line 11.
) (C:\Users\ripan\AppData\Local\Programs\MiKTeX\tex/latex/etoolbox\etoolbox.sty
Package: etoolbox 2020/10/05 v2.5k e-TeX tools for LaTeX (JAW)
\etb@tempcnta=\count267
) (C:\Users\ripan\AppData\Local\Programs\MiKTeX\tex/latex/geometry\geometry.sty
Package: geometry 2020/01/02 v5.9 Page Geometry
 (C:\Users\ripan\AppData\Local\Programs\MiKTeX\tex/latex/graphics\keyval.sty
Package: keyval 2022/05/29 v1.15 key=value parser (DPC)
\KV@toks@=\toks19
) (C:\Users\ripan\AppData\Local\Programs\MiKTeX\tex/generic/iftex\ifvtex.sty
Package: ifvtex 2019/10/25 v1.7 ifvtex legacy package. Use iftex instead.
 (C:\Users\ripan\AppData\Local\Programs\MiKTeX\tex/generic/iftex\iftex.sty
Package: iftex 2022/02/03 v1.0f TeX engine tests
))
\Gm@cnth=\count268
\Gm@cntv=\count269
\c@Gm@tempcnt=\count270
\Gm@bindingoffset=\dimen142
\Gm@wd@mp=\dimen143
\Gm@odd@mp=\dimen144
\Gm@even@mp=\dimen145
\Gm@layoutwidth=\dimen146
\Gm@layoutheight=\dimen147
\Gm@layouthoffset=\dimen148
\Gm@layoutvoffset=\dimen149
\Gm@dimlist=\toks20
 (C:\Users\ripan\AppData\Local\Programs\MiKTeX\tex/latex/geometry\geometry.cfg)) (C:\Users\ripan\AppData\Local\Programs\MiKTeX\tex/latex/parskip\parskip.sty
Package: parskip 2021-03-14 v2.0h non-zero parskip adjustments
 (C:\Users\ripan\AppData\Local\Programs\MiKTeX\tex/latex/kvoptions\kvoptions.sty
Package: kvoptions 2022-06-15 v3.15 Key value format for package options (HO)
 (C:\Users\ripan\AppData\Local\Programs\MiKTeX\tex/generic/ltxcmds\ltxcmds.sty
Package: ltxcmds 2023-12-04 v1.26 LaTeX kernel commands for general use (HO)
) (C:\Users\ripan\AppData\Local\Programs\MiKTeX\tex/latex/kvsetkeys\kvsetkeys.sty
Package: kvsetkeys 2022-10-05 v1.19 Key value parser (HO)
))) (C:\Users\ripan\AppData\Local\Programs\MiKTeX\tex/latex/graphics\graphicx.sty
Package: graphicx 2021/09/16 v1.2d Enhanced LaTeX Graphics (DPC,SPQR)
 (C:\Users\ripan\AppData\Local\Programs\MiKTeX\tex/latex/graphics\graphics.sty
Package: graphics 2022/03/10 v1.4e Standard LaTeX Graphics (DPC,SPQR)
 (C:\Users\ripan\AppData\Local\Programs\MiKTeX\tex/latex/graphics\trig.sty
Package: trig 2021/08/11 v1.11 sin cos tan (DPC)
) (C:\Users\ripan\AppData\Local\Programs\MiKTeX\tex/latex/graphics-cfg\graphics.cfg
File: graphics.cfg 2016/06/04 v1.11 sample graphics configuration
)
Package graphics Info: Driver file: pdftex.def on input line 107.
 (C:\Users\ripan\AppData\Local\Programs\MiKTeX\tex/latex/graphics-def\pdftex.def
File: pdftex.def 2022/09/22 v1.2b Graphics/color driver for pdftex
))
\Gin@req@height=\dimen150
\Gin@req@width=\dimen151
) (C:\Users\ripan\AppData\Local\Programs\MiKTeX\tex/latex/caption\caption.sty
Package: caption 2023/08/05 v3.6o Customizing captions (AR)
 (C:\Users\ripan\AppData\Local\Programs\MiKTeX\tex/latex/caption\caption3.sty
Package: caption3 2023/07/31 v2.4d caption3 kernel (AR)
\caption@tempdima=\dimen152
\captionmargin=\dimen153
\caption@leftmargin=\dimen154
\caption@rightmargin=\dimen155
\caption@width=\dimen156
\caption@indent=\dimen157
\caption@parindent=\dimen158
\caption@hangindent=\dimen159
Package caption Info: Standard document class detected.
)
\c@caption@flags=\count271
\c@continuedfloat=\count272
) (C:\Users\ripan\AppData\Local\Programs\MiKTeX\tex/latex/caption\subcaption.sty
Package: subcaption 2023/07/28 v1.6b Sub-captions (AR)
Package caption Info: New subtype `subfigure' on input line 238.
\c@subfigure=\count273
Package caption Info: New subtype `subtable' on input line 238.
\c@subtable=\count274
) (C:\Users\ripan\AppData\Local\Programs\MiKTeX\tex/latex/float\float.sty
Package: float 2001/11/08 v1.3d Float enhancements (AL)
\c@float@type=\count275
\float@exts=\toks21
\float@box=\box51
\@float@everytoks=\toks22
\@floatcapt=\box52
) (C:\Users\ripan\AppData\Local\Programs\MiKTeX\tex/latex/tools\tabularx.sty
Package: tabularx 2023/07/08 v2.11c `tabularx' package (DPC)
 (C:\Users\ripan\AppData\Local\Programs\MiKTeX\tex/latex/tools\array.sty
Package: array 2023/10/16 v2.5g Tabular extension package (FMi)
\col@sep=\dimen160
\ar@mcellbox=\box53
\extrarowheight=\dimen161
\NC@list=\toks23
\extratabsurround=\skip50
\backup@length=\skip51
\ar@cellbox=\box54
)
\TX@col@width=\dimen162
\TX@old@table=\dimen163
\TX@old@col=\dimen164
\TX@target=\dimen165
\TX@delta=\dimen166
\TX@cols=\count276
\TX@ftn=\toks24
) (C:\Users\ripan\AppData\Local\Programs\MiKTeX\tex/latex/amsmath\amsmath.sty
Package: amsmath 2023/05/13 v2.17o AMS math features
\@mathmargin=\skip52

For additional information on amsmath, use the `?' option.
(C:\Users\ripan\AppData\Local\Programs\MiKTeX\tex/latex/amsmath\amstext.sty
Package: amstext 2021/08/26 v2.01 AMS text
 (C:\Users\ripan\AppData\Local\Programs\MiKTeX\tex/latex/amsmath\amsgen.sty
File: amsgen.sty 1999/11/30 v2.0 generic functions
\@emptytoks=\toks25
\ex@=\dimen167
)) (C:\Users\ripan\AppData\Local\Programs\MiKTeX\tex/latex/amsmath\amsbsy.sty
Package: amsbsy 1999/11/29 v1.2d Bold Symbols
\pmbraise@=\dimen168
) (C:\Users\ripan\AppData\Local\Programs\MiKTeX\tex/latex/amsmath\amsopn.sty
Package: amsopn 2022/04/08 v2.04 operator names
)
\inf@bad=\count277
LaTeX Info: Redefining \frac on input line 234.
\uproot@=\count278
\leftroot@=\count279
LaTeX Info: Redefining \overline on input line 399.
LaTeX Info: Redefining \colon on input line 410.
\classnum@=\count280
\DOTSCASE@=\count281
LaTeX Info: Redefining \ldots on input line 496.
LaTeX Info: Redefining \dots on input line 499.
LaTeX Info: Redefining \cdots on input line 620.
\Mathstrutbox@=\box55
\strutbox@=\box56
LaTeX Info: Redefining \big on input line 722.
LaTeX Info: Redefining \Big on input line 723.
LaTeX Info: Redefining \bigg on input line 724.
LaTeX Info: Redefining \Bigg on input line 725.
\big@size=\dimen169
LaTeX Font Info:    Redeclaring font encoding OML on input line 743.
LaTeX Font Info:    Redeclaring font encoding OMS on input line 744.
\macc@depth=\count282
LaTeX Info: Redefining \bmod on input line 905.
LaTeX Info: Redefining \pmod on input line 910.
LaTeX Info: Redefining \smash on input line 940.
LaTeX Info: Redefining \relbar on input line 970.
LaTeX Info: Redefining \Relbar on input line 971.
\c@MaxMatrixCols=\count283
\dotsspace@=\muskip16
\c@parentequation=\count284
\dspbrk@lvl=\count285
\tag@help=\toks26
\row@=\count286
\column@=\count287
\maxfields@=\count288
\andhelp@=\toks27
\eqnshift@=\dimen170
\alignsep@=\dimen171
\tagshift@=\dimen172
\tagwidth@=\dimen173
\totwidth@=\dimen174
\lineht@=\dimen175
\@envbody=\toks28
\multlinegap=\skip53
\multlinetaggap=\skip54
\mathdisplay@stack=\toks29
LaTeX Info: Redefining \[ on input line 2953.
LaTeX Info: Redefining \] on input line 2954.
) (C:\Users\ripan\AppData\Local\Programs\MiKTeX\tex/latex/amsfonts\amssymb.sty
Package: amssymb 2013/01/14 v3.01 AMS font symbols
 (C:\Users\ripan\AppData\Local\Programs\MiKTeX\tex/latex/amsfonts\amsfonts.sty
Package: amsfonts 2013/01/14 v3.01 Basic AMSFonts support
\symAMSa=\mathgroup4
\symAMSb=\mathgroup5
LaTeX Font Info:    Redeclaring math symbol \hbar on input line 98.
LaTeX Font Info:    Overwriting math alphabet `\mathfrak' in version `bold'
(Font)                  U/euf/m/n --> U/euf/b/n on input line 106.
)) (C:\Users\ripan\AppData\Local\Programs\MiKTeX\tex/latex/amscls\amsthm.sty
Package: amsthm 2020/05/29 v2.20.6
\thm@style=\toks30
\thm@bodyfont=\toks31
\thm@headfont=\toks32
\thm@notefont=\toks33
\thm@headpunct=\toks34
\thm@preskip=\skip55
\thm@postskip=\skip56
\thm@headsep=\skip57
\dth@everypar=\toks35
) (C:\Users\ripan\AppData\Local\Programs\MiKTeX\tex/latex/listings\listings.sty
\lst@mode=\count289
\lst@gtempboxa=\box57
\lst@token=\toks36
\lst@length=\count290
\lst@currlwidth=\dimen176
\lst@column=\count291
\lst@pos=\count292
\lst@lostspace=\dimen177
\lst@width=\dimen178
\lst@newlines=\count293
\lst@lineno=\count294
\lst@maxwidth=\dimen179
 (C:\Users\ripan\AppData\Local\Programs\MiKTeX\tex/latex/listings\lstmisc.sty
File: lstmisc.sty 2023/02/27 1.9 (Carsten Heinz)
\c@lstnumber=\count295
\lst@skipnumbers=\count296
\lst@framebox=\box58
) (C:\Users\ripan\AppData\Local\Programs\MiKTeX\tex/latex/listings\listings.cfg
File: listings.cfg 2023/02/27 1.9 listings configuration
))
Package: listings 2023/02/27 1.9 (Carsten Heinz)
 (C:\Users\ripan\AppData\Local\Programs\MiKTeX\tex/latex/xcolor\xcolor.sty
Package: xcolor 2023/11/15 v3.01 LaTeX color extensions (UK)
 (C:\Users\ripan\AppData\Local\Programs\MiKTeX\tex/latex/graphics-cfg\color.cfg
File: color.cfg 2016/01/02 v1.6 sample color configuration
)
Package xcolor Info: Driver file: pdftex.def on input line 274.
 (C:\Users\ripan\AppData\Local\Programs\MiKTeX\tex/latex/graphics\mathcolor.ltx)
Package xcolor Info: Model `cmy' substituted by `cmy0' on input line 1350.
Package xcolor Info: Model `hsb' substituted by `rgb' on input line 1354.
Package xcolor Info: Model `RGB' extended on input line 1366.
Package xcolor Info: Model `HTML' substituted by `rgb' on input line 1368.
Package xcolor Info: Model `Hsb' substituted by `hsb' on input line 1369.
Package xcolor Info: Model `tHsb' substituted by `hsb' on input line 1370.
Package xcolor Info: Model `HSB' substituted by `hsb' on input line 1371.
Package xcolor Info: Model `Gray' substituted by `gray' on input line 1372.
Package xcolor Info: Model `wave' substituted by `hsb' on input line 1373.
) (preambolo/stili_codice.tex) (C:\Users\ripan\AppData\Local\Programs\MiKTeX\tex/latex/pgf/utilities\pgffor.sty (C:\Users\ripan\AppData\Local\Programs\MiKTeX\tex/latex/pgf/utilities\pgfrcs.sty (C:\Users\ripan\AppData\Local\Programs\MiKTeX\tex/generic/pgf/utilities\pgfutil-common.tex
\pgfutil@everybye=\toks37
\pgfutil@tempdima=\dimen180
\pgfutil@tempdimb=\dimen181
) (C:\Users\ripan\AppData\Local\Programs\MiKTeX\tex/generic/pgf/utilities\pgfutil-latex.def
\pgfutil@abb=\box59
) (C:\Users\ripan\AppData\Local\Programs\MiKTeX\tex/generic/pgf/utilities\pgfrcs.code.tex (C:\Users\ripan\AppData\Local\Programs\MiKTeX\tex/generic/pgf\pgf.revision.tex)
Package: pgfrcs 2023-01-15 v3.1.10 (3.1.10)
)) (C:\Users\ripan\AppData\Local\Programs\MiKTeX\tex/latex/pgf/utilities\pgfkeys.sty (C:\Users\ripan\AppData\Local\Programs\MiKTeX\tex/generic/pgf/utilities\pgfkeys.code.tex
\pgfkeys@pathtoks=\toks38
\pgfkeys@temptoks=\toks39
 (C:\Users\ripan\AppData\Local\Programs\MiKTeX\tex/generic/pgf/utilities\pgfkeyslibraryfiltered.code.tex
\pgfkeys@tmptoks=\toks40
))) (C:\Users\ripan\AppData\Local\Programs\MiKTeX\tex/latex/pgf/math\pgfmath.sty (C:\Users\ripan\AppData\Local\Programs\MiKTeX\tex/generic/pgf/math\pgfmath.code.tex (C:\Users\ripan\AppData\Local\Programs\MiKTeX\tex/generic/pgf/math\pgfmathutil.code.tex
\pgf@x=\dimen182
\pgf@xa=\dimen183
\pgf@xb=\dimen184
\pgf@xc=\dimen185
\pgf@y=\dimen186
\pgf@ya=\dimen187
\pgf@yb=\dimen188
\pgf@yc=\dimen189
\c@pgf@counta=\count297
\c@pgf@countb=\count298
\c@pgf@countc=\count299
\c@pgf@countd=\count300
) (C:\Users\ripan\AppData\Local\Programs\MiKTeX\tex/generic/pgf/math\pgfmathparser.code.tex
\pgfmath@dimen=\dimen190
\pgfmath@count=\count301
\pgfmath@box=\box60
\pgfmath@toks=\toks41
\pgfmath@stack@operand=\toks42
\pgfmath@stack@operation=\toks43
) (C:\Users\ripan\AppData\Local\Programs\MiKTeX\tex/generic/pgf/math\pgfmathfunctions.code.tex) (C:\Users\ripan\AppData\Local\Programs\MiKTeX\tex/generic/pgf/math\pgfmathfunctions.basic.code.tex) (C:\Users\ripan\AppData\Local\Programs\MiKTeX\tex/generic/pgf/math\pgfmathfunctions.trigonometric.code.tex) (C:\Users\ripan\AppData\Local\Programs\MiKTeX\tex/generic/pgf/math\pgfmathfunctions.random.code.tex) (C:\Users\ripan\AppData\Local\Programs\MiKTeX\tex/generic/pgf/math\pgfmathfunctions.comparison.code.tex) (C:\Users\ripan\AppData\Local\Programs\MiKTeX\tex/generic/pgf/math\pgfmathfunctions.base.code.tex) (C:\Users\ripan\AppData\Local\Programs\MiKTeX\tex/generic/pgf/math\pgfmathfunctions.round.code.tex) (C:\Users\ripan\AppData\Local\Programs\MiKTeX\tex/generic/pgf/math\pgfmathfunctions.misc.code.tex) (C:\Users\ripan\AppData\Local\Programs\MiKTeX\tex/generic/pgf/math\pgfmathfunctions.integerarithmetics.code.tex) (C:\Users\ripan\AppData\Local\Programs\MiKTeX\tex/generic/pgf/math\pgfmathcalc.code.tex) (C:\Users\ripan\AppData\Local\Programs\MiKTeX\tex/generic/pgf/math\pgfmathfloat.code.tex
\c@pgfmathroundto@lastzeros=\count302
))) (C:\Users\ripan\AppData\Local\Programs\MiKTeX\tex/generic/pgf/utilities\pgffor.code.tex
Package: pgffor 2023-01-15 v3.1.10 (3.1.10)
\pgffor@iter=\dimen191
\pgffor@skip=\dimen192
\pgffor@stack=\toks44
\pgffor@toks=\toks45
)) (C:\Users\ripan\AppData\Local\Programs\MiKTeX\tex/latex/hyperref\hyperref.sty
Package: hyperref 2023-11-26 v7.01g Hypertext links for LaTeX
 (C:\Users\ripan\AppData\Local\Programs\MiKTeX\tex/generic/infwarerr\infwarerr.sty
Package: infwarerr 2019/12/03 v1.5 Providing info/warning/error messages (HO)
) (C:\Users\ripan\AppData\Local\Programs\MiKTeX\tex/generic/kvdefinekeys\kvdefinekeys.sty
Package: kvdefinekeys 2019-12-19 v1.6 Define keys (HO)
) (C:\Users\ripan\AppData\Local\Programs\MiKTeX\tex/generic/pdfescape\pdfescape.sty
Package: pdfescape 2019/12/09 v1.15 Implements pdfTeX's escape features (HO)
 (C:\Users\ripan\AppData\Local\Programs\MiKTeX\tex/generic/pdftexcmds\pdftexcmds.sty
Package: pdftexcmds 2020-06-27 v0.33 Utility functions of pdfTeX for LuaTeX (HO)
Package pdftexcmds Info: \pdf@primitive is available.
Package pdftexcmds Info: \pdf@ifprimitive is available.
Package pdftexcmds Info: \pdfdraftmode found.
)) (C:\Users\ripan\AppData\Local\Programs\MiKTeX\tex/latex/hycolor\hycolor.sty
Package: hycolor 2020-01-27 v1.10 Color options for hyperref/bookmark (HO)
) (C:\Users\ripan\AppData\Local\Programs\MiKTeX\tex/latex/letltxmacro\letltxmacro.sty
Package: letltxmacro 2019/12/03 v1.6 Let assignment for LaTeX macros (HO)
) (C:\Users\ripan\AppData\Local\Programs\MiKTeX\tex/latex/auxhook\auxhook.sty
Package: auxhook 2019-12-17 v1.6 Hooks for auxiliary files (HO)
) (C:\Users\ripan\AppData\Local\Programs\MiKTeX\tex/latex/hyperref\nameref.sty
Package: nameref 2023-11-26 v2.56 Cross-referencing by name of section
 (C:\Users\ripan\AppData\Local\Programs\MiKTeX\tex/latex/refcount\refcount.sty
Package: refcount 2019/12/15 v3.6 Data extraction from label references (HO)
) (C:\Users\ripan\AppData\Local\Programs\MiKTeX\tex/generic/gettitlestring\gettitlestring.sty
Package: gettitlestring 2019/12/15 v1.6 Cleanup title references (HO)
)
\c@section@level=\count303
)
\@linkdim=\dimen193
\Hy@linkcounter=\count304
\Hy@pagecounter=\count305
 (C:\Users\ripan\AppData\Local\Programs\MiKTeX\tex/latex/hyperref\pd1enc.def
File: pd1enc.def 2023-11-26 v7.01g Hyperref: PDFDocEncoding definition (HO)
Now handling font encoding PD1 ...
... no UTF-8 mapping file for font encoding PD1
) (C:\Users\ripan\AppData\Local\Programs\MiKTeX\tex/generic/intcalc\intcalc.sty
Package: intcalc 2019/12/15 v1.3 Expandable calculations with integers (HO)
)
\Hy@SavedSpaceFactor=\count306
 (C:\Users\ripan\AppData\Local\Programs\MiKTeX\tex/latex/hyperref\puenc.def
File: puenc.def 2023-11-26 v7.01g Hyperref: PDF Unicode definition (HO)
Now handling font encoding PU ...
... no UTF-8 mapping file for font encoding PU
)
Package hyperref Info: Hyper figures OFF on input line 4181.
Package hyperref Info: Link nesting OFF on input line 4186.
Package hyperref Info: Hyper index ON on input line 4189.
Package hyperref Info: Plain pages OFF on input line 4196.
Package hyperref Info: Backreferencing OFF on input line 4201.
Package hyperref Info: Implicit mode ON; LaTeX internals redefined.
Package hyperref Info: Bookmarks ON on input line 4448.
\c@Hy@tempcnt=\count307
 (C:\Users\ripan\AppData\Local\Programs\MiKTeX\tex/latex/url\url.sty
\Urlmuskip=\muskip17
Package: url 2013/09/16  ver 3.4  Verb mode for urls, etc.
)
LaTeX Info: Redefining \url on input line 4786.
\XeTeXLinkMargin=\dimen194
 (C:\Users\ripan\AppData\Local\Programs\MiKTeX\tex/generic/bitset\bitset.sty
Package: bitset 2019/12/09 v1.3 Handle bit-vector datatype (HO)
 (C:\Users\ripan\AppData\Local\Programs\MiKTeX\tex/generic/bigintcalc\bigintcalc.sty
Package: bigintcalc 2019/12/15 v1.5 Expandable calculations on big integers (HO)
))
\Fld@menulength=\count308
\Field@Width=\dimen195
\Fld@charsize=\dimen196
Package hyperref Info: Hyper figures OFF on input line 6065.
Package hyperref Info: Link nesting OFF on input line 6070.
Package hyperref Info: Hyper index ON on input line 6073.
Package hyperref Info: backreferencing OFF on input line 6080.
Package hyperref Info: Link coloring OFF on input line 6085.
Package hyperref Info: Link coloring with OCG OFF on input line 6090.
Package hyperref Info: PDF/A mode OFF on input line 6095.
 (C:\Users\ripan\AppData\Local\Programs\MiKTeX\tex/latex/base\atbegshi-ltx.sty
Package: atbegshi-ltx 2021/01/10 v1.0c Emulation of the original atbegshi
package with kernel methods
)
\Hy@abspage=\count309
\c@Item=\count310
\c@Hfootnote=\count311
)
Package hyperref Info: Driver (autodetected): hpdftex.
 (C:\Users\ripan\AppData\Local\Programs\MiKTeX\tex/latex/hyperref\hpdftex.def
File: hpdftex.def 2023-11-26 v7.01g Hyperref driver for pdfTeX
 (C:\Users\ripan\AppData\Local\Programs\MiKTeX\tex/latex/base\atveryend-ltx.sty
Package: atveryend-ltx 2020/08/19 v1.0a Emulation of the original atveryend package
with kernel methods
)
\Fld@listcount=\count312
\c@bookmark@seq@number=\count313
 (C:\Users\ripan\AppData\Local\Programs\MiKTeX\tex/latex/rerunfilecheck\rerunfilecheck.sty
Package: rerunfilecheck 2022-07-10 v1.10 Rerun checks for auxiliary files (HO)
 (C:\Users\ripan\AppData\Local\Programs\MiKTeX\tex/generic/uniquecounter\uniquecounter.sty
Package: uniquecounter 2019/12/15 v1.4 Provide unlimited unique counter (HO)
)
Package uniquecounter Info: New unique counter `rerunfilecheck' on input line 285.
)
\Hy@SectionHShift=\skip58
) (C:\Users\ripan\AppData\Local\Programs\MiKTeX\tex/latex/cleveref\cleveref.sty
Package: cleveref 2018/03/27 v0.21.4 Intelligent cross-referencing
Package cleveref Info: `hyperref' support loaded on input line 2370.
LaTeX Info: Redefining \cref on input line 2370.
LaTeX Info: Redefining \Cref on input line 2370.
LaTeX Info: Redefining \crefrange on input line 2370.
LaTeX Info: Redefining \Crefrange on input line 2370.
LaTeX Info: Redefining \cpageref on input line 2370.
LaTeX Info: Redefining \Cpageref on input line 2370.
LaTeX Info: Redefining \cpagerefrange on input line 2370.
LaTeX Info: Redefining \Cpagerefrange on input line 2370.
LaTeX Info: Redefining \labelcref on input line 2370.
LaTeX Info: Redefining \labelcpageref on input line 2370.
Package cleveref Info: `amsthm' support loaded on input line 3026.
Package cleveref Info: `listings' support loaded on input line 3131.
)) (C:\Users\ripan\AppData\Local\Programs\MiKTeX\tex/latex/l3backend\l3backend-pdftex.def
File: l3backend-pdftex.def 2024-01-04 L3 backend support: PDF output (pdfTeX)
\l__color_backend_stack_int=\count314
\l__pdf_internal_box=\box61
) (main.aux)
\openout1 = `main.aux'.

LaTeX Font Info:    Checking defaults for OML/cmm/m/it on input line 8.
LaTeX Font Info:    ... okay on input line 8.
LaTeX Font Info:    Checking defaults for OMS/cmsy/m/n on input line 8.
LaTeX Font Info:    ... okay on input line 8.
LaTeX Font Info:    Checking defaults for OT1/cmr/m/n on input line 8.
LaTeX Font Info:    ... okay on input line 8.
LaTeX Font Info:    Checking defaults for T1/cmr/m/n on input line 8.
LaTeX Font Info:    ... okay on input line 8.
LaTeX Font Info:    Checking defaults for TS1/cmr/m/n on input line 8.
LaTeX Font Info:    ... okay on input line 8.
LaTeX Font Info:    Checking defaults for OMX/cmex/m/n on input line 8.
LaTeX Font Info:    ... okay on input line 8.
LaTeX Font Info:    Checking defaults for U/cmr/m/n on input line 8.
LaTeX Font Info:    ... okay on input line 8.
LaTeX Font Info:    Checking defaults for PD1/pdf/m/n on input line 8.
LaTeX Font Info:    ... okay on input line 8.
LaTeX Font Info:    Checking defaults for PU/pdf/m/n on input line 8.
LaTeX Font Info:    ... okay on input line 8.
LaTeX Info: Redefining \it@ocap on input line 8.
LaTeX Info: Redefining \it@ccap on input line 8.

*geometry* driver: auto-detecting
*geometry* detected driver: pdftex
*geometry* verbose mode - [ preamble ] result:
* driver: pdftex
* paper: <default>
* layout: <same size as paper>
* layoutoffset:(h,v)=(0.0pt,0.0pt)
* modes: 
* h-part:(L,W,R)=(56.9055pt, 500.484pt, 56.9055pt)
* v-part:(T,H,B)=(56.9055pt, 681.15898pt, 56.9055pt)
* \paperwidth=614.295pt
* \paperheight=794.96999pt
* \textwidth=500.484pt
* \textheight=681.15898pt
* \oddsidemargin=-15.36449pt
* \evensidemargin=-15.36449pt
* \topmargin=-52.36449pt
* \headheight=12.0pt
* \headsep=25.0pt
* \topskip=10.0pt
* \footskip=30.0pt
* \marginparwidth=65.0pt
* \marginparsep=11.0pt
* \columnsep=10.0pt
* \skip\footins=9.0pt plus 4.0pt minus 2.0pt
* \hoffset=0.0pt
* \voffset=0.0pt
* \mag=1000
* \@twocolumnfalse
* \@twosidefalse
* \@mparswitchfalse
* \@reversemarginfalse
* (1in=72.27pt=25.4mm, 1cm=28.453pt)

(C:\Users\ripan\AppData\Local\Programs\MiKTeX\tex/context/base/mkii\supp-pdf.mkii
[Loading MPS to PDF converter (version 2006.09.02).]
\scratchcounter=\count315
\scratchdimen=\dimen197
\scratchbox=\box62
\nofMPsegments=\count316
\nofMParguments=\count317
\everyMPshowfont=\toks46
\MPscratchCnt=\count318
\MPscratchDim=\dimen198
\MPnumerator=\count319
\makeMPintoPDFobject=\count320
\everyMPtoPDFconversion=\toks47
) (C:\Users\ripan\AppData\Local\Programs\MiKTeX\tex/latex/epstopdf-pkg\epstopdf-base.sty
Package: epstopdf-base 2020-01-24 v2.11 Base part for package epstopdf
Package epstopdf-base Info: Redefining graphics rule for `.eps' on input line 485.
 (C:\Users\ripan\AppData\Local\Programs\MiKTeX\tex/latex/00miktex\epstopdf-sys.cfg
File: epstopdf-sys.cfg 2021/03/18 v2.0 Configuration of epstopdf for MiKTeX
))
Package caption Info: Begin \AtBeginDocument code.
Package caption Info: float package is loaded.
Package caption Info: hyperref package is loaded.
Package caption Info: listings package is loaded.
Package caption Info: End \AtBeginDocument code.
\c@lstlisting=\count321
Package hyperref Info: Link coloring OFF on input line 8.
 (main.out) (main.out)
\@outlinefile=\write3
\openout3 = `main.out'.

LaTeX Font Info:    Trying to load font information for U+msa on input line 11.
 (C:\Users\ripan\AppData\Local\Programs\MiKTeX\tex/latex/amsfonts\umsa.fd
File: umsa.fd 2013/01/14 v3.01 AMS symbols A
)
LaTeX Font Info:    Trying to load font information for U+msb on input line 11.
 (C:\Users\ripan\AppData\Local\Programs\MiKTeX\tex/latex/amsfonts\umsb.fd
File: umsb.fd 2013/01/14 v3.01 AMS symbols B
) [1

{C:/Users/ripan/AppData/Local/MiKTeX/fonts/map/pdftex/pdftex.map}] (main.toc
pdfTeX warning (ext4): destination with the same identifier (name{page.1}) has been already used, duplicate ignored
<to be read again> 
                   \relax 
l.44 ...elazione con la DFS}{34}{subsection.5.3.2}
                                                  % [1

] [2] [3])
\tf@toc=\write4
\openout4 = `main.toc'.

 [4] (capitoli/capitolo1/capitolo1.tex
Capitolo 1.
<capitoli/capitolo1/immagini/image1.png, id=941, 268.00125pt x 182.18062pt>
File: capitoli/capitolo1/immagini/image1.png Graphic file (type png)
<use capitoli/capitolo1/immagini/image1.png>
Package pdftex.def Info: capitoli/capitolo1/immagini/image1.png  used on input line 15.
(pdftex.def)             Requested size: 250.24199pt x 170.10727pt.
[5

 <./capitoli/capitolo1/immagini/image1.png>]
<capitoli/capitolo1/immagini/image2.png, id=956, 183.68625pt x 118.94438pt>
File: capitoli/capitolo1/immagini/image2.png Graphic file (type png)
<use capitoli/capitolo1/immagini/image2.png>
Package pdftex.def Info: capitoli/capitolo1/immagini/image2.png  used on input line 41.
(pdftex.def)             Requested size: 250.24199pt x 162.05258pt.
<capitoli/capitolo1/immagini/image3.png, id=957, 292.09125pt x 155.07938pt>
File: capitoli/capitolo1/immagini/image3.png Graphic file (type png)
<use capitoli/capitolo1/immagini/image3.png>
Package pdftex.def Info: capitoli/capitolo1/immagini/image3.png  used on input line 52.
(pdftex.def)             Requested size: 350.33727pt x 186.02094pt.
 [6 <./capitoli/capitolo1/immagini/image2.png> <./capitoli/capitolo1/immagini/image3.png>]
<capitoli/capitolo1/immagini/image4.png, id=973, 225.84375pt x 158.84344pt>
File: capitoli/capitolo1/immagini/image4.png Graphic file (type png)
<use capitoli/capitolo1/immagini/image4.png>
Package pdftex.def Info: capitoli/capitolo1/immagini/image4.png  used on input line 63.
(pdftex.def)             Requested size: 350.33727pt x 246.43503pt.
 [7 <./capitoli/capitolo1/immagini/image4.png>]) (capitoli/capitolo2/capitolo2.tex [8]
Capitolo 2.
<capitoli/capitolo2/immagini/image1.png, id=988, 392.96812pt x 255.95625pt>
File: capitoli/capitolo2/immagini/image1.png Graphic file (type png)
<use capitoli/capitolo2/immagini/image1.png>
Package pdftex.def Info: capitoli/capitolo2/immagini/image1.png  used on input line 23.
(pdftex.def)             Requested size: 350.33727pt x 228.2026pt.
[9

 <./capitoli/capitolo2/immagini/image1.png>]
<capitoli/capitolo2/immagini/image2.png, id=999, 260.47313pt x 112.92188pt>
File: capitoli/capitolo2/immagini/image2.png Graphic file (type png)
<use capitoli/capitolo2/immagini/image2.png>
Package pdftex.def Info: capitoli/capitolo2/immagini/image2.png  used on input line 39.
(pdftex.def)             Requested size: 350.33727pt x 151.88138pt.
<capitoli/capitolo2/immagini/image3.png, id=1000, 237.88875pt x 176.91093pt>
File: capitoli/capitolo2/immagini/image3.png Graphic file (type png)
<use capitoli/capitolo2/immagini/image3.png>
Package pdftex.def Info: capitoli/capitolo2/immagini/image3.png  used on input line 60.
(pdftex.def)             Requested size: 350.33727pt x 260.54993pt.
 [10 <./capitoli/capitolo2/immagini/image2.png>]
<capitoli/capitolo2/immagini/image4.png, id=1016, 219.06844pt x 248.42813pt>
File: capitoli/capitolo2/immagini/image4.png Graphic file (type png)
<use capitoli/capitolo2/immagini/image4.png>
Package pdftex.def Info: capitoli/capitolo2/immagini/image4.png  used on input line 80.
(pdftex.def)             Requested size: 350.33727pt x 397.296pt.
 [11 <./capitoli/capitolo2/immagini/image3.png>]
<capitoli/capitolo2/immagini/image5.png, id=1024, 216.81pt x 236.38312pt>
File: capitoli/capitolo2/immagini/image5.png Graphic file (type png)
<use capitoli/capitolo2/immagini/image5.png>
Package pdftex.def Info: capitoli/capitolo2/immagini/image5.png  used on input line 93.
(pdftex.def)             Requested size: 350.33727pt x 382.01157pt.
 [12 <./capitoli/capitolo2/immagini/image4.png>] [13 <./capitoli/capitolo2/immagini/image5.png>]
<capitoli/capitolo2/immagini/image6.png, id=1042, 164.86594pt x 173.89969pt>
File: capitoli/capitolo2/immagini/image6.png Graphic file (type png)
<use capitoli/capitolo2/immagini/image6.png>
Package pdftex.def Info: capitoli/capitolo2/immagini/image6.png  used on input line 130.
(pdftex.def)             Requested size: 350.33727pt x 369.581pt.
<capitoli/capitolo2/immagini/image7.png, id=1043, 264.23718pt x 277.78781pt>
File: capitoli/capitolo2/immagini/image7.png Graphic file (type png)
<use capitoli/capitolo2/immagini/image7.png>
Package pdftex.def Info: capitoli/capitolo2/immagini/image7.png  used on input line 148.
(pdftex.def)             Requested size: 350.33727pt x 368.32562pt.
 [14 <./capitoli/capitolo2/immagini/image6.png>]
<capitoli/capitolo2/immagini/image8.png, id=1056, 310.91156pt x 100.87688pt>
File: capitoli/capitolo2/immagini/image8.png Graphic file (type png)
<use capitoli/capitolo2/immagini/image8.png>
Package pdftex.def Info: capitoli/capitolo2/immagini/image8.png  used on input line 160.
(pdftex.def)             Requested size: 350.33727pt x 113.66936pt.
 [15 <./capitoli/capitolo2/immagini/image7.png> <./capitoli/capitolo2/immagini/image8.png>]
<capitoli/capitolo2/immagini/image9.png, id=1067, 484.05844pt x 92.59593pt>
File: capitoli/capitolo2/immagini/image9.png Graphic file (type png)
<use capitoli/capitolo2/immagini/image9.png>
Package pdftex.def Info: capitoli/capitolo2/immagini/image9.png  used on input line 191.
(pdftex.def)             Requested size: 350.33727pt x 67.0194pt.
<capitoli/capitolo2/immagini/image10.png, id=1068, 518.6878pt x 107.65219pt>
File: capitoli/capitolo2/immagini/image10.png Graphic file (type png)
<use capitoli/capitolo2/immagini/image10.png>
Package pdftex.def Info: capitoli/capitolo2/immagini/image10.png  used on input line 205.
(pdftex.def)             Requested size: 350.33727pt x 72.71465pt.
<capitoli/capitolo2/immagini/image11.png, id=1069, 380.92313pt x 79.04532pt>
File: capitoli/capitolo2/immagini/image11.png Graphic file (type png)
<use capitoli/capitolo2/immagini/image11.png>
Package pdftex.def Info: capitoli/capitolo2/immagini/image11.png  used on input line 220.
(pdftex.def)             Requested size: 350.33727pt x 72.70084pt.
 [16 <./capitoli/capitolo2/immagini/image9.png> <./capitoli/capitolo2/immagini/image10.png>]
<capitoli/capitolo2/immagini/image12.png, id=1083, 547.2947pt x 100.12407pt>
File: capitoli/capitolo2/immagini/image12.png Graphic file (type png)
<use capitoli/capitolo2/immagini/image12.png>
Package pdftex.def Info: capitoli/capitolo2/immagini/image12.png  used on input line 226.
(pdftex.def)             Requested size: 350.33727pt x 64.09293pt.
 [17 <./capitoli/capitolo2/immagini/image11.png> <./capitoli/capitolo2/immagini/image12.png>] [18]) (capitoli/capitolo3/capitolo3.tex [19]
Capitolo 3.
<capitoli/capitolo3/immagini/image1.png, id=1115, 581.17125pt x 176.15813pt>
File: capitoli/capitolo3/immagini/image1.png Graphic file (type png)
<use capitoli/capitolo3/immagini/image1.png>
Package pdftex.def Info: capitoli/capitolo3/immagini/image1.png  used on input line 8.
(pdftex.def)             Requested size: 350.33727pt x 106.19026pt.
<capitoli/capitolo3/immagini/image2.png, id=1116, 578.16pt x 133.24782pt>
File: capitoli/capitolo3/immagini/image2.png Graphic file (type png)
<use capitoli/capitolo3/immagini/image2.png>
Package pdftex.def Info: capitoli/capitolo3/immagini/image2.png  used on input line 18.
(pdftex.def)             Requested size: 350.33727pt x 80.7402pt.
[20

 <./capitoli/capitolo3/immagini/image1.png> <./capitoli/capitolo3/immagini/image2.png>] [21]) (capitoli/capitolo4/capitolo4.tex [22]
Capitolo 4.
[23

] [24]
<capitoli/capitolo4/immagini/image1.png, id=1167, 529.98pt x 286.82156pt>
File: capitoli/capitolo4/immagini/image1.png Graphic file (type png)
<use capitoli/capitolo4/immagini/image1.png>
Package pdftex.def Info: capitoli/capitolo4/immagini/image1.png  used on input line 162.
(pdftex.def)             Requested size: 350.33727pt x 189.6004pt.
 [25] [26 <./capitoli/capitolo4/immagini/image1.png>]
<capitoli/capitolo4/immagini/image2.png, id=1184, 457.71pt x 283.81032pt>
File: capitoli/capitolo4/immagini/image2.png Graphic file (type png)
<use capitoli/capitolo4/immagini/image2.png>
Package pdftex.def Info: capitoli/capitolo4/immagini/image2.png  used on input line 267.
(pdftex.def)             Requested size: 350.33727pt x 217.23976pt.
 [27]
LaTeX Font Info:    Trying to load font information for T1+cmtt on input line 290.
 (C:\Users\ripan\AppData\Local\Programs\MiKTeX\tex/latex/base\t1cmtt.fd
File: t1cmtt.fd 2023/04/13 v2.5m Standard LaTeX font definitions
) [28 <./capitoli/capitolo4/immagini/image2.png>]
Underfull \hbox (badness 10000) in paragraph at lines 347--347
\T1/cmr/m/n/10 im-ple-men-ta-to cor-ret-ta-
 []


Underfull \hbox (badness 10000) in paragraph at lines 347--347
[]|\T1/cmr/bx/n/10 OLA (Over-lap and
 []


Underfull \hbox (badness 10000) in paragraph at lines 347--347
[]|\T1/cmr/m/n/10 Implementazione più
 []

[29]) (capitoli/capitolo5/capitolo5.tex [30]
Capitolo 5.
[31

] [32] [33] [34] [35] [36] [37] [38] [39] [40] [41]) (capitoli/capitolo6/capitolo6.tex [42]
Capitolo 6.
[43

] [44]) (capitoli/capitolo7/capitolo7.tex [45]
Capitolo 7.
[46

] [47]) (capitoli/capitolo8/capitolo8.tex [48]
Capitolo 8.
[49

] [50] [51]) (capitoli/capitolo9/capitolo9.tex [52]
Capitolo 9.
) (capitoli/capitolo10/capitolo10.tex [53

]
Capitolo 10.
[54

] [55]) (capitoli/capitolo11/capitolo11.tex [56]
Capitolo 11.
<capitoli/capitolo11/immagini/image1.png, id=1475, 590.95781pt x 208.52907pt>
File: capitoli/capitolo11/immagini/image1.png Graphic file (type png)
<use capitoli/capitolo11/immagini/image1.png>
Package pdftex.def Info: capitoli/capitolo11/immagini/image1.png  used on input line 42.
(pdftex.def)             Requested size: 350.33727pt x 123.62608pt.
[57

]
<capitoli/capitolo11/immagini/image2.png, id=1481, 530.73282pt x 158.84344pt>
File: capitoli/capitolo11/immagini/image2.png Graphic file (type png)
<use capitoli/capitolo11/immagini/image2.png>
Package pdftex.def Info: capitoli/capitolo11/immagini/image2.png  used on input line 75.
(pdftex.def)             Requested size: 350.33727pt x 104.85396pt.
 [58 <./capitoli/capitolo11/immagini/image1.png> <./capitoli/capitolo11/immagini/image2.png>] [59]
<capitoli/capitolo11/immagini/image3.png, id=1502, 511.15968pt x 164.86594pt>
File: capitoli/capitolo11/immagini/image3.png Graphic file (type png)
<use capitoli/capitolo11/immagini/image3.png>
Package pdftex.def Info: capitoli/capitolo11/immagini/image3.png  used on input line 171.
(pdftex.def)             Requested size: 350.33727pt x 112.99536pt.
) (capitoli/capitolo12/capitolo12.tex [60 <./capitoli/capitolo11/immagini/image3.png>]
Capitolo 12.
<capitoli/capitolo12/immagini/image1.png, id=1513, 365.86688pt x 76.03406pt>
File: capitoli/capitolo12/immagini/image1.png Graphic file (type png)
<use capitoli/capitolo12/immagini/image1.png>
Package pdftex.def Info: capitoli/capitolo12/immagini/image1.png  used on input line 21.
(pdftex.def)             Requested size: 350.33727pt x 72.81085pt.
<capitoli/capitolo12/immagini/image2.png, id=1514, 282.30469pt x 331.2375pt>
File: capitoli/capitolo12/immagini/image2.png Graphic file (type png)
<use capitoli/capitolo12/immagini/image2.png>
Package pdftex.def Info: capitoli/capitolo12/immagini/image2.png  used on input line 35.
(pdftex.def)             Requested size: 350.33727pt x 411.09415pt.
[61

 <./capitoli/capitolo12/immagini/image1.png>] [62 <./capitoli/capitolo12/immagini/image2.png>]
<capitoli/capitolo12/immagini/image3.png, id=1528, 298.11375pt x 129.48375pt>
File: capitoli/capitolo12/immagini/image3.png Graphic file (type png)
<use capitoli/capitolo12/immagini/image3.png>
Package pdftex.def Info: capitoli/capitolo12/immagini/image3.png  used on input line 63.
(pdftex.def)             Requested size: 350.33727pt x 152.17502pt.
<capitoli/capitolo12/immagini/image4.png, id=1529, 280.79906pt x 115.18031pt>
File: capitoli/capitolo12/immagini/image4.png Graphic file (type png)
<use capitoli/capitolo12/immagini/image4.png>
Package pdftex.def Info: capitoli/capitolo12/immagini/image4.png  used on input line 77.
(pdftex.def)             Requested size: 350.33727pt x 143.71138pt.
 [63 <./capitoli/capitolo12/immagini/image3.png> <./capitoli/capitolo12/immagini/image4.png>]
<capitoli/capitolo12/immagini/image5.png, id=1538, 528.47438pt x 278.54062pt>
File: capitoli/capitolo12/immagini/image5.png Graphic file (type png)
<use capitoli/capitolo12/immagini/image5.png>
Package pdftex.def Info: capitoli/capitolo12/immagini/image5.png  used on input line 100.
(pdftex.def)             Requested size: 350.33727pt x 184.64915pt.
) (capitoli/capitolo13/capitolo13.tex [64 <./capitoli/capitolo12/immagini/image5.png>]
Capitolo 13.
<capitoli/capitolo13/immagini/image1.png, id=1545, 577.40718pt x 190.46156pt>
File: capitoli/capitolo13/immagini/image1.png Graphic file (type png)
<use capitoli/capitolo13/immagini/image1.png>
Package pdftex.def Info: capitoli/capitolo13/immagini/image1.png  used on input line 13.
(pdftex.def)             Requested size: 350.33727pt x 115.56525pt.
[65

 <./capitoli/capitolo13/immagini/image1.png>]
<capitoli/capitolo13/immagini/image2.png, id=1551, 488.57532pt x 235.63031pt>
File: capitoli/capitolo13/immagini/image2.png Graphic file (type png)
<use capitoli/capitolo13/immagini/image2.png>
Package pdftex.def Info: capitoli/capitolo13/immagini/image2.png  used on input line 76.
(pdftex.def)             Requested size: 350.33727pt x 168.96336pt.
<capitoli/capitolo13/immagini/image3.jpeg, id=1552, 249.93375pt x 101.37875pt>
File: capitoli/capitolo13/immagini/image3.jpeg Graphic file (type jpg)
<use capitoli/capitolo13/immagini/image3.jpeg>
Package pdftex.def Info: capitoli/capitolo13/immagini/image3.jpeg  used on input line 90.
(pdftex.def)             Requested size: 150.14671pt x 60.90506pt.
 [66 <./capitoli/capitolo13/immagini/image2.png>]
<capitoli/capitolo13/immagini/image4.jpeg, id=1559, 824.07875pt x 304.13625pt>
File: capitoli/capitolo13/immagini/image4.jpeg Graphic file (type jpg)
<use capitoli/capitolo13/immagini/image4.jpeg>
Package pdftex.def Info: capitoli/capitolo13/immagini/image4.jpeg  used on input line 136.
(pdftex.def)             Requested size: 350.33727pt x 129.29564pt.
 [67 <./capitoli/capitolo13/immagini/image3.jpeg> <./capitoli/capitolo13/immagini/image4.jpeg>]) (capitoli/capitolo14/capitolo14.tex [68]
Capitolo 14.
[69

] [70]
<capitoli/capitolo14/immagini/image1.jpeg, id=1578, 757.83125pt x 169.63374pt>
File: capitoli/capitolo14/immagini/image1.jpeg Graphic file (type jpg)
<use capitoli/capitolo14/immagini/image1.jpeg>
Package pdftex.def Info: capitoli/capitolo14/immagini/image1.jpeg  used on input line 118.
(pdftex.def)             Requested size: 350.33727pt x 78.42072pt.
<capitoli/capitolo14/immagini/image2.jpeg, id=1579, 641.39626pt x 171.64125pt>
File: capitoli/capitolo14/immagini/image2.jpeg Graphic file (type jpg)
<use capitoli/capitolo14/immagini/image2.jpeg>
Package pdftex.def Info: capitoli/capitolo14/immagini/image2.jpeg  used on input line 138.
(pdftex.def)             Requested size: 350.33727pt x 93.75345pt.
 [71 <./capitoli/capitolo14/immagini/image1.jpeg> <./capitoli/capitolo14/immagini/image2.jpeg>]
<capitoli/capitolo14/immagini/image3.jpeg, id=1586, 796.9775pt x 230.8625pt>
File: capitoli/capitolo14/immagini/image3.jpeg Graphic file (type jpg)
<use capitoli/capitolo14/immagini/image3.jpeg>
Package pdftex.def Info: capitoli/capitolo14/immagini/image3.jpeg  used on input line 159.
(pdftex.def)             Requested size: 350.33727pt x 101.48117pt.
<capitoli/capitolo14/immagini/image4.jpeg, id=1587, 705.63625pt x 132.495pt>
File: capitoli/capitolo14/immagini/image4.jpeg Graphic file (type jpg)
<use capitoli/capitolo14/immagini/image4.jpeg>
Package pdftex.def Info: capitoli/capitolo14/immagini/image4.jpeg  used on input line 172.
(pdftex.def)             Requested size: 350.33727pt x 65.78233pt.
 [72 <./capitoli/capitolo14/immagini/image3.jpeg> <./capitoli/capitolo14/immagini/image4.jpeg>]
<capitoli/capitolo14/immagini/image5.jpeg, id=1595, 703.62875pt x 223.83624pt>
File: capitoli/capitolo14/immagini/image5.jpeg Graphic file (type jpg)
<use capitoli/capitolo14/immagini/image5.jpeg>
Package pdftex.def Info: capitoli/capitolo14/immagini/image5.jpeg  used on input line 227.
(pdftex.def)             Requested size: 350.33727pt x 111.4465pt.
 [73 <./capitoli/capitolo14/immagini/image5.jpeg>]
<capitoli/capitolo14/immagini/image6.jpeg, id=1602, 764.8575pt x 274.02374pt>
File: capitoli/capitolo14/immagini/image6.jpeg Graphic file (type jpg)
<use capitoli/capitolo14/immagini/image6.jpeg>
Package pdftex.def Info: capitoli/capitolo14/immagini/image6.jpeg  used on input line 255.
(pdftex.def)             Requested size: 350.33727pt x 125.51306pt.
<capitoli/capitolo14/immagini/image7.jpeg, id=1603, 796.9775pt x 401.5pt>
File: capitoli/capitolo14/immagini/image7.jpeg Graphic file (type jpg)
<use capitoli/capitolo14/immagini/image7.jpeg>
Package pdftex.def Info: capitoli/capitolo14/immagini/image7.jpeg  used on input line 265.
(pdftex.def)             Requested size: 350.33727pt x 176.489pt.
 [74 <./capitoli/capitolo14/immagini/image6.jpeg> <./capitoli/capitolo14/immagini/image7.jpeg>]) (capitoli/capitolo15/capitolo15.tex [75]
Capitolo 15.
[76

]
<capitoli/capitolo15/immagini/image1.png, id=1618, 317.68687pt x 237.88875pt>
File: capitoli/capitolo15/immagini/image1.png Graphic file (type png)
<use capitoli/capitolo15/immagini/image1.png>
Package pdftex.def Info: capitoli/capitolo15/immagini/image1.png  used on input line 53.
(pdftex.def)             Requested size: 350.33727pt x 262.36082pt.
<capitoli/capitolo15/immagini/image2.png, id=1619, 407.27156pt x 105.39375pt>
File: capitoli/capitolo15/immagini/image2.png Graphic file (type png)
<use capitoli/capitolo15/immagini/image2.png>
Package pdftex.def Info: capitoli/capitolo15/immagini/image2.png  used on input line 61.
(pdftex.def)             Requested size: 350.33727pt x 90.66418pt.
 [77 <./capitoli/capitolo15/immagini/image1.png> <./capitoli/capitolo15/immagini/image2.png>]
<capitoli/capitolo15/immagini/image3.png, id=1626, 527.72156pt x 194.97844pt>
File: capitoli/capitolo15/immagini/image3.png Graphic file (type png)
<use capitoli/capitolo15/immagini/image3.png>
Package pdftex.def Info: capitoli/capitolo15/immagini/image3.png  used on input line 86.
(pdftex.def)             Requested size: 350.33727pt x 129.43886pt.
<capitoli/capitolo15/immagini/image4.png, id=1627, 336.50719pt x 235.63031pt>
File: capitoli/capitolo15/immagini/image4.png Graphic file (type png)
<use capitoli/capitolo15/immagini/image4.png>
Package pdftex.def Info: capitoli/capitolo15/immagini/image4.png  used on input line 96.
(pdftex.def)             Requested size: 350.33727pt x 245.3158pt.
<capitoli/capitolo15/immagini/image5.png, id=1628, 182.93344pt x 118.19156pt>
File: capitoli/capitolo15/immagini/image5.png Graphic file (type png)
<use capitoli/capitolo15/immagini/image5.png>
Package pdftex.def Info: capitoli/capitolo15/immagini/image5.png  used on input line 105.
(pdftex.def)             Requested size: 150.14671pt x 97.01328pt.
 [78 <./capitoli/capitolo15/immagini/image3.png> <./capitoli/capitolo15/immagini/image4.png>]
<capitoli/capitolo15/immagini/image6.png, id=1636, 329.73187pt x 118.19156pt>
File: capitoli/capitolo15/immagini/image6.png Graphic file (type png)
<use capitoli/capitolo15/immagini/image6.png>
Package pdftex.def Info: capitoli/capitolo15/immagini/image6.png  used on input line 139.
(pdftex.def)             Requested size: 350.33727pt x 125.58182pt.
<capitoli/capitolo15/immagini/image7.png, id=1637, 418.56375pt x 158.09062pt>
File: capitoli/capitolo15/immagini/image7.png Graphic file (type png)
<use capitoli/capitolo15/immagini/image7.png>
Package pdftex.def Info: capitoli/capitolo15/immagini/image7.png  used on input line 151.
(pdftex.def)             Requested size: 350.33727pt x 132.31999pt.
 [79 <./capitoli/capitolo15/immagini/image5.png> <./capitoli/capitolo15/immagini/image6.png>]
<capitoli/capitolo15/immagini/image8.png, id=1644, 651.18282pt x 152.06813pt>
File: capitoli/capitolo15/immagini/image8.png Graphic file (type png)
<use capitoli/capitolo15/immagini/image8.png>
Package pdftex.def Info: capitoli/capitolo15/immagini/image8.png  used on input line 189.
(pdftex.def)             Requested size: 350.33727pt x 81.8139pt.
<capitoli/capitolo15/immagini/image9.png, id=1645, 695.59875pt x 176.91093pt>
File: capitoli/capitolo15/immagini/image9.png Graphic file (type png)
<use capitoli/capitolo15/immagini/image9.png>
Package pdftex.def Info: capitoli/capitolo15/immagini/image9.png  used on input line 202.
(pdftex.def)             Requested size: 350.33727pt x 89.1004pt.
 [80 <./capitoli/capitolo15/immagini/image7.png> <./capitoli/capitolo15/immagini/image8.png>]
<capitoli/capitolo15/immagini/image10.png, id=1652, 347.04657pt x 242.40562pt>
File: capitoli/capitolo15/immagini/image10.png Graphic file (type png)
<use capitoli/capitolo15/immagini/image10.png>
Package pdftex.def Info: capitoli/capitolo15/immagini/image10.png  used on input line 223.
(pdftex.def)             Requested size: 350.33727pt x 244.71306pt.
 [81 <./capitoli/capitolo15/immagini/image9.png> <./capitoli/capitolo15/immagini/image10.png>]
<capitoli/capitolo15/immagini/image11.png, id=1659, 521.69907pt x 176.15813pt>
File: capitoli/capitolo15/immagini/image11.png Graphic file (type png)
<use capitoli/capitolo15/immagini/image11.png>
Package pdftex.def Info: capitoli/capitolo15/immagini/image11.png  used on input line 236.
(pdftex.def)             Requested size: 350.33727pt x 118.2968pt.
<capitoli/capitolo15/immagini/image12.png, id=1660, 694.09312pt x 261.22594pt>
File: capitoli/capitolo15/immagini/image12.png Graphic file (type png)
<use capitoli/capitolo15/immagini/image12.png>
Package pdftex.def Info: capitoli/capitolo15/immagini/image12.png  used on input line 246.
(pdftex.def)             Requested size: 350.33727pt x 131.85626pt.
 [82 <./capitoli/capitolo15/immagini/image11.png> <./capitoli/capitolo15/immagini/image12.png>]) (capitoli/capitolo16/capitolo16.tex [83]
Capitolo 16.
[84

] [85] [86] [87]) (capitoli/cookbook.tex [88]
Capitolo 17.
[89


pdfTeX warning (ext4): destination with the same identifier (name{equation.17.0.1}) has been already used, duplicate ignored
<argument> ...shipout:D \box_use:N \l_shipout_box 
                                                  \__shipout_drop_firstpage_...
l.39 \end{itemize}
                  
pdfTeX warning (ext4): destination with the same identifier (name{equation.17.0.1}) has been already used, duplicate ignored
<argument> ...shipout:D \box_use:N \l_shipout_box 
                                                  \__shipout_drop_firstpage_...
l.39 \end{itemize}
                  
pdfTeX warning (ext4): destination with the same identifier (name{equation.17.0.1}) has been already used, duplicate ignored
<argument> ...shipout:D \box_use:N \l_shipout_box 
                                                  \__shipout_drop_firstpage_...
l.39 \end{itemize}
                  ] [90] [91] [92]) [93] (main.aux)
 ***********
LaTeX2e <2023-11-01> patch level 1
L3 programming layer <2024-01-04>
 ***********
Package rerunfilecheck Info: File `main.out' has not changed.
(rerunfilecheck)             Checksum: AEF0E22866C298437F545B5AC092CB86;33537.
 ) 
Here is how much of TeX's memory you used:
 23123 strings out of 474486
 417799 string characters out of 5743756
 1947542 words of memory out of 5000000
 44424 multiletter control sequences out of 15000+600000
 577667 words of font info for 81 fonts, out of 8000000 for 9000
 1141 hyphenation exceptions out of 8191
 68i,17n,70p,634b,614s stack positions out of 10000i,1000n,20000p,200000b,200000s
 <C:\Users\ripan\AppData\Local\MiKTeX\fonts/pk/ljfour/jknappen/ec/dpi600\ectt1000.pk> <C:\Users\ripan\AppData\Local\MiKTeX\fonts/pk/ljfour/jknappen/ec/dpi600\ecrm0700.pk> <C:\Users\ripan\AppData\Local\MiKTeX\fonts/pk/ljfour/jknappen/ec/dpi600\tcbx1000.pk> <C:\Users\ripan\AppData\Local\MiKTeX\fonts/pk/ljfour/jknappen/ec/dpi600\ecti1000.pk> <C:\Users\ripan\AppData\Local\MiKTeX\fonts/pk/ljfour/jknappen/ec/dpi600\tcrm1000.pk> <C:\Users\ripan\AppData\Local\MiKTeX\fonts/pk/ljfour/jknappen/ec/dpi600\ecbx1200.pk> <C:\Users\ripan\AppData\Local\MiKTeX\fonts/pk/ljfour/jknappen/ec/dpi600\ecbx1440.pk> <C:\Users\ripan\AppData\Local\MiKTeX\fonts/pk/ljfour/jknappen/ec/dpi600\ecbx2074.pk> <C:\Users\ripan\AppData\Local\MiKTeX\fonts/pk/ljfour/jknappen/ec/dpi600\ecrm1000.pk> <C:\Users\ripan\AppData\Local\MiKTeX\fonts/pk/ljfour/jknappen/ec/dpi600\ecbx1000.pk> <C:\Users\ripan\AppData\Local\MiKTeX\fonts/pk/ljfour/jknappen/ec/dpi600\ecbx2488.pk> <C:\Users\ripan\AppData\Local\MiKTeX\fonts/pk/ljfour/jknappen/ec/dpi600\ecrm1200.pk> <C:\Users\ripan\AppData\Local\MiKTeX\fonts/pk/ljfour/jknappen/ec/dpi600\ecrm1728.pk><C:/Users/ripan/AppData/Local/Programs/MiKTeX/fonts/type1/public/amsfonts/cm/cmex10.pfb><C:/Users/ripan/AppData/Local/Programs/MiKTeX/fonts/type1/public/amsfonts/cm/cmmi10.pfb><C:/Users/ripan/AppData/Local/Programs/MiKTeX/fonts/type1/public/amsfonts/cm/cmmi12.pfb><C:/Users/ripan/AppData/Local/Programs/MiKTeX/fonts/type1/public/amsfonts/cm/cmmi5.pfb><C:/Users/ripan/AppData/Local/Programs/MiKTeX/fonts/type1/public/amsfonts/cm/cmmi7.pfb><C:/Users/ripan/AppData/Local/Programs/MiKTeX/fonts/type1/public/amsfonts/cm/cmmi8.pfb><C:/Users/ripan/AppData/Local/Programs/MiKTeX/fonts/type1/public/amsfonts/cm/cmr10.pfb><C:/Users/ripan/AppData/Local/Programs/MiKTeX/fonts/type1/public/amsfonts/cm/cmr5.pfb><C:/Users/ripan/AppData/Local/Programs/MiKTeX/fonts/type1/public/amsfonts/cm/cmr7.pfb><C:/Users/ripan/AppData/Local/Programs/MiKTeX/fonts/type1/public/amsfonts/cm/cmsy10.pfb><C:/Users/ripan/AppData/Local/Programs/MiKTeX/fonts/type1/public/amsfonts/cm/cmsy5.pfb><C:/Users/ripan/AppData/Local/Programs/MiKTeX/fonts/type1/public/amsfonts/cm/cmsy7.pfb><C:/Users/ripan/AppData/Local/Programs/MiKTeX/fonts/type1/public/amsfonts/symbols/msbm10.pfb>
Output written on main.pdf (94 pages, 2047914 bytes).
PDF statistics:
 2488 PDF objects out of 2984 (max. 8388607)
 600 named destinations out of 1000 (max. 500000)
 1712 words of extra memory for PDF output out of 10000 (max. 10000000)

